#
# There is insufficient memory for the Java Runtime Environment to continue.
# Native memory allocation (mmap) failed to map 209977344 bytes for committing reserved memory.
# Possible reasons:
#   The system is out of physical RAM or swap space
#   In 32 bit mode, the process size limit was hit
# Possible solutions:
#   Reduce memory load on the system
#   Increase physical memory or swap space
#   Check if swap backing store is full
#   Use 64 bit Java on a 64 bit OS
#   Decrease Java heap size (-Xmx/-Xms)
#   Decrease number of Java threads
#   Decrease Java thread stack sizes (-Xss)
#   Set larger code cache with -XX:ReservedCodeCacheSize=
# This output file may be truncated or incomplete.
#
#  Out of Memory Error (os_linux.cpp:2627), pid=13003, tid=2189278016
#
# JRE version: Java(TM) SE Runtime Environment (8.0_60-b27) (build 1.8.0_60-b27)
# Java VM: Java HotSpot(TM) Server VM (25.60-b23 mixed mode linux-x86 )
# Failed to write core dump. Core dumps have been disabled. To enable core dumping, try "ulimit -c unlimited" before starting Java again
#

---------------  T H R E A D  ---------------

Current thread (0x82681400):  VMThread [stack: 0x8275b000,0x827dc000] [id=13013]

Stack: [0x8275b000,0x827dc000],  sp=0x827da710,  free space=509k
Native frames: (J=compiled Java code, j=interpreted, Vv=VM code, C=native code)
V  [libjvm.so+0x8cd06f]  VMError::report_and_die()+0x16f
V  [libjvm.so+0x38bea5]  report_vm_out_of_memory(char const*, int, unsigned int, VMErrorType, char const*)+0x55
V  [libjvm.so+0x750e26]  os::Linux::commit_memory_impl(char*, unsigned int, bool)+0xe6
V  [libjvm.so+0x7512f8]  os::pd_commit_memory(char*, unsigned int, unsigned int, bool)+0x28
V  [libjvm.so+0x74b21c]  os::commit_memory(char*, unsigned int, unsigned int, bool)+0x2c
V  [libjvm.so+0x7b5818]  PSVirtualSpace::expand_by(unsigned int)+0x48
V  [libjvm.so+0x7a88b1]  PSOldGen::expand(unsigned int)+0x141
V  [libjvm.so+0x7a897f]  PSOldGen::resize(unsigned int)+0x8f
V  [libjvm.so+0x7af4a4]  PSParallelCompact::invoke_no_policy(bool)+0x874
V  [libjvm.so+0x7b3e7d]  PSScavenge::invoke()+0x16d
V  [libjvm.so+0x77280a]  ParallelScavengeHeap::failed_mem_allocate(unsigned int)+0x5a
V  [libjvm.so+0x8ceb3a]  VM_ParallelGCFailedAllocation::doit()+0x7a
V  [libjvm.so+0x8d8147]  VM_Operation::evaluate()+0x47
V  [libjvm.so+0x8d6223]  VMThread::evaluate_operation(VM_Operation*)+0xb3
V  [libjvm.so+0x8d65c0]  VMThread::loop()+0x1b0
V  [libjvm.so+0x8d6a25]  VMThread::run()+0x85
V  [libjvm.so+0x753469]  java_start(Thread*)+0x119
C  [libpthread.so.0+0x6d78]  start_thread+0xd8

VM_Operation (0x7e157964): ParallelGCFailedAllocation, mode: safepoint, requested by thread 0x7a564800


---------------  P R O C E S S  ---------------

Java Threads: ( => current thread )
  0x7a564800 JavaThread "pool-31-thread-4" [_thread_blocked, id=15250, stack(0x7e108000,0x7e159000)]
  0x7a564000 JavaThread "pool-31-thread-3" [_thread_blocked, id=15249, stack(0x7af27000,0x7af78000)]
  0x7a58c400 JavaThread "pool-31-thread-2" [_thread_blocked, id=15248, stack(0x7df1c000,0x7df6d000)]
  0x7a58bc00 JavaThread "pool-32-thread-1" [_thread_blocked, id=15247, stack(0x80b5e000,0x80baf000)]
  0x7a58b800 JavaThread "pool-31-thread-1" [_thread_blocked, id=15246, stack(0x81a06000,0x81a57000)]
  0x7c7ed400 JavaThread "pool-18-thread-2" [_thread_blocked, id=15245, stack(0x808af000,0x80900000)]
  0x7cc76400 JavaThread "process reaper" daemon [_thread_blocked, id=15219, stack(0x7e275000,0x7e28e000)]
  0x7cf98c00 JavaThread "Stdin handler" [_thread_blocked, id=15213, stack(0x7b06b000,0x7b0bc000)]
  0x7a154400 JavaThread "Asynchronous log dispatcher for org.gradle.launcher.daemon.server.DefaultDaemonConnection@f4a360" [_thread_blocked, id=15212, stack(0x7af78000,0x7afc9000)]
  0x7c6bec00 JavaThread "Cancel handler" [_thread_blocked, id=15211, stack(0x7ae85000,0x7aed6000)]
  0x7a351800 JavaThread "Handler for socket connection from /127.0.0.1:51223 to /127.0.0.1:57322" [_thread_in_native, id=15210, stack(0x81a57000,0x81aa8000)]
  0x7a296c00 JavaThread "Daemon worker Thread 14" [_thread_blocked, id=15118, stack(0x7ad92000,0x7ade3000)]
  0x0851c400 JavaThread "Daemon Thread 14" [_thread_blocked, id=15115, stack(0x80b0d000,0x80b5e000)]
  0x7d30bc00 JavaThread "pool-18-thread-1" [_thread_blocked, id=14275, stack(0x7b10d000,0x7b15e000)]
  0x7d841800 JavaThread "File lock request listener" [_thread_in_native, id=13036, stack(0x7df6d000,0x7dfbe000)]
  0x82695400 JavaThread "Incoming local TCP Connector on port 51223" [_thread_in_native, id=13025, stack(0x81aaf000,0x81b00000)]
  0x80f9e800 JavaThread "pool-1-thread-1" [_thread_blocked, id=13022, stack(0x80caf000,0x80d00000)]
  0x826ab000 JavaThread "Service Thread" daemon [_thread_blocked, id=13020, stack(0x8202c000,0x8207d000)]
  0x826a8000 JavaThread "C1 CompilerThread2" daemon [_thread_blocked, id=13019, stack(0x8207d000,0x820fe000)]
  0x826a6800 JavaThread "C2 CompilerThread1" daemon [_thread_blocked, id=13018, stack(0x820fe000,0x8217f000)]
  0x826a4800 JavaThread "C2 CompilerThread0" daemon [_thread_blocked, id=13017, stack(0x8217f000,0x82200000)]
  0x826a3400 JavaThread "Signal Dispatcher" daemon [_thread_blocked, id=13016, stack(0x8270a000,0x8275b000)]
  0x82685c00 JavaThread "Finalizer" daemon [_thread_blocked, id=13015, stack(0x8652e000,0x8657f000)]
  0x82684400 JavaThread "Reference Handler" daemon [_thread_blocked, id=13014, stack(0x8682e000,0x8687f000)]
  0xf6507400 JavaThread "main" [_thread_blocked, id=13008, stack(0xf6660000,0xf66b1000)]

Other Threads:
=>0x82681400 VMThread [stack: 0x8275b000,0x827dc000] [id=13013]
  0x826be000 WatcherThread [stack: 0x81fab000,0x8202c000] [id=13021]

VM state:at safepoint (normal execution)

VM Mutex/Monitor currently owned by a thread:  ([mutex/lock_event])
[0xf6504750] ExpandHeap_lock - owner thread: 0x82681400
[0xf6504c98] Threads_lock - owner thread: 0x82681400
[0xf65050a8] Heap_lock - owner thread: 0x7a564800

Heap:
 PSYoungGen      total 349696K, used 0K [0xc7000000, 0xe7000000, 0xe7000000)
  eden space 175104K, 0% used [0xc7000000,0xc7000000,0xd1b00000)
  from space 174592K, 0% used [0xdc580000,0xdc580000,0xe7000000)
  to   space 174592K, 15% used [0xd1b00000,0xd3626808,0xdc580000)
 ParOldGen       total 604928K, used 604757K [0x87000000, 0xabec0000, 0xc7000000)
  object space 604928K, 99% used [0x87000000,0xabe95498,0xabec0000)
 Metaspace       used 54607K, capacity 57018K, committed 57216K, reserved 57648K

Card table byte_map: [0x86cff000,0x87000000] byte_map_base: 0x868c7000

Marking Bits: (ParMarkBitMap*) 0xf70f2380
 Begin Bits: [0x83400000, 0x84c00000)
 End Bits:   [0x84c00000, 0x86400000)

Polling page: 0xf76fe000

CodeCache: size=245760Kb used=69487Kb max_used=69602Kb free=176272Kb
 bounds [0xe74c0000, 0xeb908000, 0xf64c0000]
 total_blobs=20604 nmethods=20143 adapters=372
 compilation: enabled

Compilation events (10 events):
Event: 3209,645 Thread 0x826a6800 28008       4       com.android.dx.cf.code.BaseMachine::popArgs (137 bytes)
Event: 3209,648 Thread 0x826a4800 28009       4       com.android.dx.rop.code.SwitchInsn::<init> (49 bytes)
Event: 3209,650 Thread 0x826a4800 nmethod 28009 0xe7d41588 code [0xe7d41680, 0xe7d417b0]
Event: 3209,667 Thread 0x826a6800 nmethod 28008 0xeb9027c8 code [0xeb902a60, 0xeb90398c]
Event: 3209,711 Thread 0x826a4800 28010       4       com.android.dx.rop.code.Rops::opXor (21 bytes)
Event: 3209,716 Thread 0x826a4800 nmethod 28010 0xe76575c8 code [0xe7657700, 0xe76578bc]
Event: 3210,712 Thread 0x826a8000 28011       3       com.android.dx.ssa.back.InterferenceGraph::<init> (42 bytes)
Event: 3210,714 Thread 0x826a8000 nmethod 28011 0xe90d8888 code [0xe90d8a60, 0xe90d91d0]
Event: 3210,726 Thread 0x826a8000 28012       3       com.android.dx.ssa.back.LivenessAnalyzer::constructInterferenceGraph (47 bytes)
Event: 3210,727 Thread 0x826a8000 nmethod 28012 0xeb8a8588 code [0xeb8a8700, 0xeb8a8a10]

GC Heap History (10 events):
Event: 3204,313 GC heap after
Heap after GC invocations=159 (full 28):
 PSYoungGen      total 349696K, used 27368K [0xc7000000, 0xe7000000, 0xe7000000)
  eden space 175104K, 0% used [0xc7000000,0xc7000000,0xd1b00000)
  from space 174592K, 15% used [0xd1b00000,0xd35ba2a8,0xdc580000)
  to   space 174592K, 0% used [0xdc580000,0xdc580000,0xe7000000)
 ParOldGen       total 565248K, used 402892K [0x87000000, 0xa9800000, 0xc7000000)
  object space 565248K, 71% used [0x87000000,0x9f973380,0xa9800000)
 Metaspace       used 54625K, capacity 57058K, committed 57216K, reserved 57648K
}
Event: 3204,839 GC heap before
{Heap before GC invocations=160 (full 28):
 PSYoungGen      total 349696K, used 202472K [0xc7000000, 0xe7000000, 0xe7000000)
  eden space 175104K, 100% used [0xc7000000,0xd1b00000,0xd1b00000)
  from space 174592K, 15% used [0xd1b00000,0xd35ba2a8,0xdc580000)
  to   space 174592K, 0% used [0xdc580000,0xdc580000,0xe7000000)
 ParOldGen       total 565248K, used 402892K [0x87000000, 0xa9800000, 0xc7000000)
  object space 565248K, 71% used [0x87000000,0x9f973380,0xa9800000)
 Metaspace       used 54625K, capacity 57058K, committed 57216K, reserved 57648K
Event: 3204,891 GC heap after
Heap after GC invocations=160 (full 28):
 PSYoungGen      total 349696K, used 25532K [0xc7000000, 0xe7000000, 0xe7000000)
  eden space 175104K, 0% used [0xc7000000,0xc7000000,0xd1b00000)
  from space 174592K, 14% used [0xdc580000,0xdde6f2c8,0xe7000000)
  to   space 174592K, 0% used [0xd1b00000,0xd1b00000,0xdc580000)
 ParOldGen       total 565248K, used 429112K [0x87000000, 0xa9800000, 0xc7000000)
  object space 565248K, 75% used [0x87000000,0xa130e078,0xa9800000)
 Metaspace       used 54625K, capacity 57058K, committed 57216K, reserved 57648K
}
Event: 3210,083 GC heap before
{Heap before GC invocations=161 (full 28):
 PSYoungGen      total 349696K, used 200636K [0xc7000000, 0xe7000000, 0xe7000000)
  eden space 175104K, 100% used [0xc7000000,0xd1b00000,0xd1b00000)
  from space 174592K, 14% used [0xdc580000,0xdde6f2c8,0xe7000000)
  to   space 174592K, 0% used [0xd1b00000,0xd1b00000,0xdc580000)
 ParOldGen       total 565248K, used 429112K [0x87000000, 0xa9800000, 0xc7000000)
  object space 565248K, 75% used [0x87000000,0xa130e078,0xa9800000)
 Metaspace       used 54625K, capacity 57058K, committed 57216K, reserved 57648K
Event: 3210,141 GC heap after
Heap after GC invocations=161 (full 28):
 PSYoungGen      total 349696K, used 36518K [0xc7000000, 0xe7000000, 0xe7000000)
  eden space 175104K, 0% used [0xc7000000,0xc7000000,0xd1b00000)
  from space 174592K, 20% used [0xd1b00000,0xd3ea9b80,0xdc580000)
  to   space 174592K, 0% used [0xdc580000,0xdc580000,0xe7000000)
 ParOldGen       total 565248K, used 453463K [0x87000000, 0xa9800000, 0xc7000000)
  object space 565248K, 80% used [0x87000000,0xa2ad5fd0,0xa9800000)
 Metaspace       used 54625K, capacity 57058K, committed 57216K, reserved 57648K
}
Event: 3210,545 GC heap before
{Heap before GC invocations=162 (full 28):
 PSYoungGen      total 349696K, used 211622K [0xc7000000, 0xe7000000, 0xe7000000)
  eden space 175104K, 100% used [0xc7000000,0xd1b00000,0xd1b00000)
  from space 174592K, 20% used [0xd1b00000,0xd3ea9b80,0xdc580000)
  to   space 174592K, 0% used [0xdc580000,0xdc580000,0xe7000000)
 ParOldGen       total 565248K, used 453463K [0x87000000, 0xa9800000, 0xc7000000)
  object space 565248K, 80% used [0x87000000,0xa2ad5fd0,0xa9800000)
 Metaspace       used 54625K, capacity 57058K, committed 57216K, reserved 57648K
Event: 3210,613 GC heap after
Heap after GC invocations=162 (full 28):
 PSYoungGen      total 349696K, used 100815K [0xc7000000, 0xe7000000, 0xe7000000)
  eden space 175104K, 0% used [0xc7000000,0xc7000000,0xd1b00000)
  from space 174592K, 57% used [0xdc580000,0xe27f3dc0,0xe7000000)
  to   space 174592K, 0% used [0xd1b00000,0xd1b00000,0xdc580000)
 ParOldGen       total 565248K, used 482832K [0x87000000, 0xa9800000, 0xc7000000)
  object space 565248K, 85% used [0x87000000,0xa4784308,0xa9800000)
 Metaspace       used 54625K, capacity 57058K, committed 57216K, reserved 57648K
}
Event: 3210,786 GC heap before
{Heap before GC invocations=163 (full 28):
 PSYoungGen      total 349696K, used 275919K [0xc7000000, 0xe7000000, 0xe7000000)
  eden space 175104K, 100% used [0xc7000000,0xd1b00000,0xd1b00000)
  from space 174592K, 57% used [0xdc580000,0xe27f3dc0,0xe7000000)
  to   space 174592K, 0% used [0xd1b00000,0xd1b00000,0xdc580000)
 ParOldGen       total 565248K, used 482832K [0x87000000, 0xa9800000, 0xc7000000)
  object space 565248K, 85% used [0x87000000,0xa4784308,0xa9800000)
 Metaspace       used 54625K, capacity 57058K, committed 57216K, reserved 57648K
Event: 3227,844 GC heap after
Heap after GC invocations=163 (full 28):
 PSYoungGen      total 349696K, used 275919K [0xc7000000, 0xe7000000, 0xe7000000)
  eden space 175104K, 100% used [0xc7000000,0xd1b00000,0xd1b00000)
  from space 174592K, 57% used [0xdc580000,0xe27f3dc0,0xe7000000)
  to   space 174592K, 34% used [0xd1b00000,0xd553e3e0,0xdc580000)
 ParOldGen       total 604928K, used 604594K [0x87000000, 0xabec0000, 0xc7000000)
  object space 604928K, 99% used [0x87000000,0xabe6ca80,0xabec0000)
 Metaspace       used 54625K, capacity 57058K, committed 57216K, reserved 57648K
}
Event: 3227,844 GC heap before
{Heap before GC invocations=164 (full 29):
 PSYoungGen      total 349696K, used 275919K [0xc7000000, 0xe7000000, 0xe7000000)
  eden space 175104K, 100% used [0xc7000000,0xd1b00000,0xd1b00000)
  from space 174592K, 57% used [0xdc580000,0xe27f3dc0,0xe7000000)
  to   space 174592K, 34% used [0xd1b00000,0xd553e3e0,0xdc580000)
 ParOldGen       total 604928K, used 604594K [0x87000000, 0xabec0000, 0xc7000000)
  object space 604928K, 99% used [0x87000000,0xabe6ca80,0xabec0000)
 Metaspace       used 54625K, capacity 57058K, committed 57216K, reserved 57648K

Deoptimization events (10 events):
Event: 3194,280 Thread 0x7a58b800 Uncommon trap: reason=unstable_if action=reinterpret pc=0xeae44be0 method=com.android.dx.cf.code.RopperMachine.run(Lcom/android/dx/cf/code/Frame;II)V @ 1148
Event: 3194,734 Thread 0x7a564800 Uncommon trap: reason=unstable_if action=reinterpret pc=0xe8def7d8 method=java.util.concurrent.locks.AbstractQueuedSynchronizer.unparkSuccessor(Ljava/util/concurrent/locks/AbstractQueuedSynchronizer$Node;)V @ 22
Event: 3196,351 Thread 0x7a564000 Uncommon trap: reason=class_check action=maybe_recompile pc=0xe8dfebf4 method=com.android.dx.ssa.SCCP.replaceConstants()V @ 182
Event: 3196,362 Thread 0x7a564000 Uncommon trap: reason=class_check action=maybe_recompile pc=0xe8dfebf4 method=com.android.dx.ssa.SCCP.replaceConstants()V @ 182
Event: 3199,333 Thread 0x7a564000 Uncommon trap: reason=unstable_if action=reinterpret pc=0xe9505280 method=java.util.DualPivotQuicksort.sort([IIIZ)V @ 11
Event: 3199,735 Thread 0x7a564000 Uncommon trap: reason=class_check action=maybe_recompile pc=0xeada02b8 method=com.android.dx.ssa.ConstCollector.getConstsSortedByCountUse()Ljava/util/ArrayList; @ 282
Event: 3204,738 Thread 0x7a58c400 Uncommon trap: reason=class_check action=maybe_recompile pc=0xe8d0e82c method=com.android.dx.ssa.DomFront.calcDomFronts()V @ 101
Event: 3209,356 Thread 0x7a58b800 Uncommon trap: reason=class_check action=maybe_recompile pc=0xea935234 method=com.android.dx.ssa.SCCP.simulateBranch(Lcom/android/dx/ssa/SsaInsn;)V @ 339
Event: 3209,358 Thread 0x7a58b800 Uncommon trap: reason=class_check action=maybe_recompile pc=0xea935234 method=com.android.dx.ssa.SCCP.simulateBranch(Lcom/android/dx/ssa/SsaInsn;)V @ 339
Event: 3210,712 Thread 0x7a564800 Uncommon trap: reason=unstable_if action=reinterpret pc=0xeac4472c method=com.android.dx.ssa.SetFactory.makeInterferenceSet(I)Lcom/android/dx/util/IntSet; @ 4

Internal exceptions (10 events):
Event: 3154,098 Thread 0x7a296c00 Exception <a 'sun/nio/fs/UnixException'> (0xd1c90a78) thrown at [/HUDSON3/workspace/8-2-build-linux-i586/jdk8u60/4407/hotspot/src/share/vm/prims/jni.cpp, line 709]
Event: 3154,098 Thread 0x7a296c00 Exception <a 'sun/nio/fs/UnixException'> (0xd1c91e20) thrown at [/HUDSON3/workspace/8-2-build-linux-i586/jdk8u60/4407/hotspot/src/share/vm/prims/jni.cpp, line 709]
Event: 3154,098 Thread 0x7a296c00 Exception <a 'sun/nio/fs/UnixException'> (0xd1c93810) thrown at [/HUDSON3/workspace/8-2-build-linux-i586/jdk8u60/4407/hotspot/src/share/vm/prims/jni.cpp, line 709]
Event: 3154,098 Thread 0x7a296c00 Exception <a 'sun/nio/fs/UnixException'> (0xd1c94b50) thrown at [/HUDSON3/workspace/8-2-build-linux-i586/jdk8u60/4407/hotspot/src/share/vm/prims/jni.cpp, line 709]
Event: 3154,098 Thread 0x7a296c00 Exception <a 'sun/nio/fs/UnixException'> (0xd1c966f8) thrown at [/HUDSON3/workspace/8-2-build-linux-i586/jdk8u60/4407/hotspot/src/share/vm/prims/jni.cpp, line 709]
Event: 3154,098 Thread 0x7a296c00 Exception <a 'sun/nio/fs/UnixException'> (0xd1c97ab8) thrown at [/HUDSON3/workspace/8-2-build-linux-i586/jdk8u60/4407/hotspot/src/share/vm/prims/jni.cpp, line 709]
Event: 3154,098 Thread 0x7a296c00 Exception <a 'sun/nio/fs/UnixException'> (0xd1c99780) thrown at [/HUDSON3/workspace/8-2-build-linux-i586/jdk8u60/4407/hotspot/src/share/vm/prims/jni.cpp, line 709]
Event: 3154,098 Thread 0x7a296c00 Exception <a 'sun/nio/fs/UnixException'> (0xd1c9aba0) thrown at [/HUDSON3/workspace/8-2-build-linux-i586/jdk8u60/4407/hotspot/src/share/vm/prims/jni.cpp, line 709]
Event: 3175,878 Thread 0x7a296c00 Implicit null exception at 0xe97d7c1f to 0xe97d8d9d
Event: 3194,734 Thread 0x7a564800 Implicit null exception at 0xe8def758 to 0xe8def7c5

Events (10 events):
Event: 3209,718 Thread 0x826a4800 flushing nmethod 0xe971ec08
Event: 3209,718 Thread 0x826a4800 flushing nmethod 0xe971f188
Event: 3210,082 Executing VM operation: ParallelGCFailedAllocation
Event: 3210,141 Executing VM operation: ParallelGCFailedAllocation done
Event: 3210,544 Executing VM operation: ParallelGCFailedAllocation
Event: 3210,613 Executing VM operation: ParallelGCFailedAllocation done
Event: 3210,712 Thread 0x7a564800 Uncommon trap: trap_request=0xffffff65 fr.pc=0xeac4472c
Event: 3210,712 Thread 0x7a564800 DEOPT PACKING pc=0xeac4472c sp=0x7e157ad0
Event: 3210,712 Thread 0x7a564800 DEOPT UNPACKING pc=0xe74fae55 sp=0x7e157a88 mode 2
Event: 3210,786 Executing VM operation: ParallelGCFailedAllocation


Dynamic libraries:
08048000-08049000 r-xp 00000000 08:08 3805875                            /media/data2/jdk1.8.0_60/bin/java
08049000-0804a000 rw-p 00000000 08:08 3805875                            /media/data2/jdk1.8.0_60/bin/java
0850f000-085e1000 rw-p 00000000 00:00 0                                  [heap]
77f00000-77fa0000 rw-p 00000000 00:00 0 
77fa0000-78000000 ---p 00000000 00:00 0 
78000000-78100000 rw-p 00000000 00:00 0 
78100000-781f9000 rw-p 00000000 00:00 0 
781f9000-78200000 ---p 00000000 00:00 0 
78200000-782cd000 rw-p 00000000 00:00 0 
782cd000-78300000 ---p 00000000 00:00 0 
78300000-783fe000 rw-p 00000000 00:00 0 
783fe000-78400000 ---p 00000000 00:00 0 
78400000-784fe000 rw-p 00000000 00:00 0 
784fe000-78500000 ---p 00000000 00:00 0 
78500000-785fc000 rw-p 00000000 00:00 0 
785fc000-78600000 ---p 00000000 00:00 0 
78600000-786fe000 rw-p 00000000 00:00 0 
786fe000-78700000 ---p 00000000 00:00 0 
78700000-787f9000 rw-p 00000000 00:00 0 
787f9000-78800000 ---p 00000000 00:00 0 
78800000-788f9000 rw-p 00000000 00:00 0 
788f9000-78900000 ---p 00000000 00:00 0 
78900000-789f1000 rw-p 00000000 00:00 0 
789f1000-78a00000 ---p 00000000 00:00 0 
78a00000-78af9000 rw-p 00000000 00:00 0 
78af9000-78b00000 ---p 00000000 00:00 0 
78b00000-78c00000 rw-p 00000000 00:00 0 
78c00000-78d25000 rw-p 00000000 00:00 0 
78d25000-78e00000 ---p 00000000 00:00 0 
78e00000-78ef3000 rw-p 00000000 00:00 0 
78ef3000-78f00000 ---p 00000000 00:00 0 
78fec000-790ec000 rw-p 00000000 00:00 0 
790ec000-791d8000 r--s 00a34000 08:08 3801097                            /media/data2/android/Project/BNearbyKos2/app/build/intermediates/transforms/jarMerging/debug/jars/1/1f/combined.jar
791d8000-792d8000 rw-p 00000000 00:00 0 
792d8000-793d8000 rw-p 00000000 00:00 0 
793d8000-794d8000 rw-p 00000000 00:00 0 
794d8000-795d8000 rw-p 00000000 00:00 0 
795d8000-796d8000 rw-p 00000000 00:00 0 
796d8000-797d8000 rw-p 00000000 00:00 0 
797d8000-798d8000 rw-p 00000000 00:00 0 
798d8000-799d8000 rw-p 00000000 00:00 0 
799d8000-79ad8000 rw-p 00000000 00:00 0 
79ad8000-79bd8000 rw-p 00000000 00:00 0 
79bd8000-79cd8000 rw-p 00000000 00:00 0 
79cd8000-79d00000 r--s 001cf000 08:07 2629904                            /media/data1/android-studio/plugins/gradle/lib/guava-jdk5-17.0.jar
79d00000-79e00000 rw-p 00000000 00:00 0 
79e00000-79eff000 rw-p 00000000 00:00 0 
79eff000-79f00000 ---p 00000000 00:00 0 
79f00000-7a000000 rw-p 00000000 00:00 0 
7a000000-7a100000 rw-p 00000000 00:00 0 
7a100000-7a1fe000 rw-p 00000000 00:00 0 
7a1fe000-7a200000 ---p 00000000 00:00 0 
7a200000-7a2fc000 rw-p 00000000 00:00 0 
7a2fc000-7a300000 ---p 00000000 00:00 0 
7a300000-7a3f8000 rw-p 00000000 00:00 0 
7a3f8000-7a400000 ---p 00000000 00:00 0 
7a400000-7a4fd000 rw-p 00000000 00:00 0 
7a4fd000-7a500000 ---p 00000000 00:00 0 
7a500000-7a5fe000 rw-p 00000000 00:00 0 
7a5fe000-7a600000 ---p 00000000 00:00 0 
7a600000-7a700000 rw-p 00000000 00:00 0 
7a700000-7a7fc000 rw-p 00000000 00:00 0 
7a7fc000-7a800000 ---p 00000000 00:00 0 
7a816000-7a886000 r--s 00643000 08:07 2629243                            /media/data1/android-studio/lib/groovy-all-2.4.6.jar
7a886000-7a8c3000 r--s 0057a000 08:01 1073567                            /home/christian/.gradle/caches/jars-1/sso1hfuedl1iqdbqqpmzwsmfqm3i34t/sdk-tools.jar
7a8c3000-7a8fd000 r--s 001e2000 08:01 1073569                            /home/christian/.gradle/caches/jars-1/gsc6q095kyxskeaqm5ejgrya5fy93e4/gradle-core-3.2.jar
7a8fd000-7a9fd000 rw-p 00000000 00:00 0 
7a9fd000-7aafd000 rw-p 00000000 00:00 0 
7aafd000-7abfd000 rw-p 00000000 00:00 0 
7abfd000-7ac00000 ---p 00000000 00:00 0 
7ac00000-7ac4e000 rw-p 00000000 00:00 0 
7ac4e000-7ac51000 ---p 00000000 00:00 0 
7ac51000-7ac9f000 rw-p 00000000 00:00 0 
7ac9f000-7aca2000 ---p 00000000 00:00 0 
7aca2000-7acf0000 rw-p 00000000 00:00 0 
7acf0000-7acf3000 ---p 00000000 00:00 0 
7acf3000-7ad41000 rw-p 00000000 00:00 0 
7ad41000-7ad44000 ---p 00000000 00:00 0 
7ad44000-7ad92000 rw-p 00000000 00:00 0 
7ad92000-7ad95000 ---p 00000000 00:00 0 
7ad95000-7ade3000 rw-p 00000000 00:00 0                                  [stack:15118]
7ade3000-7ade6000 ---p 00000000 00:00 0 
7ade6000-7ae34000 rw-p 00000000 00:00 0 
7ae34000-7ae37000 ---p 00000000 00:00 0 
7ae37000-7ae85000 rw-p 00000000 00:00 0 
7ae85000-7ae88000 ---p 00000000 00:00 0 
7ae88000-7aed6000 rw-p 00000000 00:00 0                                  [stack:15211]
7aed6000-7aed9000 ---p 00000000 00:00 0 
7aed9000-7af27000 rw-p 00000000 00:00 0 
7af27000-7af2a000 ---p 00000000 00:00 0 
7af2a000-7af78000 rw-p 00000000 00:00 0                                  [stack:15249]
7af78000-7af7b000 ---p 00000000 00:00 0 
7af7b000-7afc9000 rw-p 00000000 00:00 0                                  [stack:15212]
7afc9000-7afcc000 ---p 00000000 00:00 0 
7afcc000-7b01a000 rw-p 00000000 00:00 0 
7b01a000-7b01d000 ---p 00000000 00:00 0 
7b01d000-7b06b000 rw-p 00000000 00:00 0 
7b06b000-7b06e000 ---p 00000000 00:00 0 
7b06e000-7b0bc000 rw-p 00000000 00:00 0                                  [stack:15213]
7b0bc000-7b0bf000 ---p 00000000 00:00 0 
7b0bf000-7b10d000 rw-p 00000000 00:00 0 
7b10d000-7b110000 ---p 00000000 00:00 0 
7b110000-7b15e000 rw-p 00000000 00:00 0                                  [stack:14275]
7b15e000-7b161000 ---p 00000000 00:00 0 
7b161000-7b1af000 rw-p 00000000 00:00 0 
7b1af000-7b1b2000 ---p 00000000 00:00 0 
7b1b2000-7b200000 rw-p 00000000 00:00 0 
7b200000-7b2f9000 rw-p 00000000 00:00 0 
7b2f9000-7b300000 ---p 00000000 00:00 0 
7b30d000-7b310000 ---p 00000000 00:00 0 
7b310000-7b35e000 rw-p 00000000 00:00 0 
7b35e000-7b361000 ---p 00000000 00:00 0 
7b361000-7b3af000 rw-p 00000000 00:00 0 
7b3af000-7b3b2000 ---p 00000000 00:00 0 
7b3b2000-7b400000 rw-p 00000000 00:00 0 
7b400000-7b500000 rw-p 00000000 00:00 0 
7b500000-7b600000 rw-p 00000000 00:00 0 
7b600000-7b700000 rw-p 00000000 00:00 0 
7b700000-7b800000 rw-p 00000000 00:00 0 
7b800000-7b900000 rw-p 00000000 00:00 0 
7b900000-7ba00000 rw-p 00000000 00:00 0 
7ba00000-7bbfe000 rw-p 00000000 00:00 0 
7bbfe000-7bc00000 ---p 00000000 00:00 0 
7bc00000-7be00000 rw-p 00000000 00:00 0 
7be00000-7befd000 rw-p 00000000 00:00 0 
7befd000-7bf00000 ---p 00000000 00:00 0 
7bf00000-7c000000 rw-p 00000000 00:00 0 
7c000000-7c100000 rw-p 00000000 00:00 0 
7c100000-7c1ff000 rw-p 00000000 00:00 0 
7c1ff000-7c200000 ---p 00000000 00:00 0 
7c200000-7c300000 rw-p 00000000 00:00 0 
7c300000-7c3ff000 rw-p 00000000 00:00 0 
7c3ff000-7c400000 ---p 00000000 00:00 0 
7c400000-7c500000 rw-p 00000000 00:00 0 
7c500000-7c600000 rw-p 00000000 00:00 0 
7c600000-7c6ff000 rw-p 00000000 00:00 0 
7c6ff000-7c700000 ---p 00000000 00:00 0 
7c700000-7c7fa000 rw-p 00000000 00:00 0 
7c7fa000-7c800000 ---p 00000000 00:00 0 
7c800000-7c900000 rw-p 00000000 00:00 0 
7c900000-7ca00000 rw-p 00000000 00:00 0 
7ca00000-7cb00000 rw-p 00000000 00:00 0 
7cb00000-7cc00000 rw-p 00000000 00:00 0 
7cc00000-7ccf9000 rw-p 00000000 00:00 0 
7ccf9000-7cd00000 ---p 00000000 00:00 0 
7cd00000-7cdfc000 rw-p 00000000 00:00 0 
7cdfc000-7ce00000 ---p 00000000 00:00 0 
7ce00000-7cf00000 rw-p 00000000 00:00 0 
7cf00000-7d100000 rw-p 00000000 00:00 0 
7d100000-7d200000 rw-p 00000000 00:00 0 
7d200000-7d2fd000 rw-p 00000000 00:00 0 
7d2fd000-7d300000 ---p 00000000 00:00 0 
7d300000-7d3fb000 rw-p 00000000 00:00 0 
7d3fb000-7d400000 ---p 00000000 00:00 0 
7d400000-7d500000 rw-p 00000000 00:00 0 
7d500000-7d600000 rw-p 00000000 00:00 0 
7d600000-7d6fe000 rw-p 00000000 00:00 0 
7d6fe000-7d700000 ---p 00000000 00:00 0 
7d700000-7d800000 rw-p 00000000 00:00 0 
7d800000-7d900000 rw-p 00000000 00:00 0 
7d900000-7da00000 rw-p 00000000 00:00 0 
7da00000-7db00000 rw-p 00000000 00:00 0 
7db00000-7dc00000 rw-p 00000000 00:00 0 
7dc00000-7dd00000 rw-p 00000000 00:00 0 
7dd00000-7ddfb000 rw-p 00000000 00:00 0 
7ddfb000-7de00000 ---p 00000000 00:00 0 
7de00000-7df00000 rw-p 00000000 00:00 0 
7df0a000-7df0f000 r--s 00034000 08:07 2629188                            /media/data1/android-studio/lib/gson-2.5.jar
7df0f000-7df1c000 r--s 0017f000 08:01 1073561                            /home/christian/.gradle/caches/jars-1/pnza8fwobw0zi21jg40t85rztq7ka1n/velocity.jar
7df1c000-7df1f000 ---p 00000000 00:00 0 
7df1f000-7df6d000 rw-p 00000000 00:00 0                                  [stack:15248]
7df6d000-7df70000 ---p 00000000 00:00 0 
7df70000-7e0be000 rw-p 00000000 00:00 0                                  [stack:13036]
7e0c0000-7e0c2000 r--s 0000a000 08:07 2624534                            /media/data1/android-studio/plugins/gradle/lib/gradle-tooling-extension-api.jar
7e0c2000-7e0c7000 r--s 0007a000 08:07 2624536                            /media/data1/android-studio/plugins/gradle/lib/gradle-tooling-extension-impl.jar
7e0c7000-7e0ef000 r--s 001cf000 08:01 1073575                            /home/christian/.gradle/caches/jars-1/87eo0lrvp84r6dbxjq018wy66es2era/guava-jdk5-17.0.jar
7e0ef000-7e0f2000 ---p 00000000 00:00 0 
7e0f2000-7e108000 rw-p 00000000 00:00 0 
7e108000-7e10b000 ---p 00000000 00:00 0 
7e10b000-7e259000 rw-p 00000000 00:00 0                                  [stack:15250]
7e259000-7e25a000 r--s 00002000 08:07 2624809                            /media/data1/android-studio/lib/external-system-rt.jar
7e25a000-7e25b000 r--s 00000000 08:01 1073557                            /home/christian/.gradle/caches/jars-1/dg22azhabc6tsc1i8xni15giz1bnssh/gradle-appengine-builder-model-0.1.0.jar
7e25b000-7e25c000 r--s 00002000 08:01 1073565                            /home/christian/.gradle/caches/jars-1/n02dpbhzy5jrwrt1m3fz6n5zvwc1z53/external-system-rt.jar
7e25c000-7e25f000 ---p 00000000 00:00 0 
7e25f000-7e275000 rw-p 00000000 00:00 0 
7e275000-7e278000 ---p 00000000 00:00 0 
7e278000-7e28e000 rw-p 00000000 00:00 0                                  [stack:15219]
7e28e000-7e291000 ---p 00000000 00:00 0 
7e291000-7e2a7000 rw-p 00000000 00:00 0 
7e2a7000-7e2ba000 r-xp 00000000 08:01 796582                             /lib/i386-linux-gnu/libresolv-2.17.so
7e2ba000-7e2bb000 r--p 00013000 08:01 796582                             /lib/i386-linux-gnu/libresolv-2.17.so
7e2bb000-7e2bc000 rw-p 00014000 08:01 796582                             /lib/i386-linux-gnu/libresolv-2.17.so
7e2bc000-7e2be000 rw-p 00000000 00:00 0 
7e2be000-7e2c3000 r-xp 00000000 08:01 796576                             /lib/i386-linux-gnu/libnss_dns-2.17.so
7e2c3000-7e2c4000 r--p 00004000 08:01 796576                             /lib/i386-linux-gnu/libnss_dns-2.17.so
7e2c4000-7e2c5000 rw-p 00005000 08:01 796576                             /lib/i386-linux-gnu/libnss_dns-2.17.so
7e2c5000-7e2f8000 r-xp 00000000 08:08 3805835                            /media/data2/jdk1.8.0_60/jre/lib/i386/libsunec.so
7e2f8000-7e2fc000 rw-p 00032000 08:08 3805835                            /media/data2/jdk1.8.0_60/jre/lib/i386/libsunec.so
7e2fc000-7e400000 rw-p 00000000 00:00 0 
7e400000-7e500000 rw-p 00000000 00:00 0 
7e500000-7e5ff000 rw-p 00000000 00:00 0 
7e5ff000-7e600000 ---p 00000000 00:00 0 
7e600000-7e602000 r--s 0000a000 08:01 1073563                            /home/christian/.gradle/caches/jars-1/c982790etelstf9trjv7o372j28ie83/gradle-tooling-extension-api.jar
7e602000-7e60b000 r--s 00041000 08:01 1073555                            /home/christian/.gradle/caches/jars-1/h9tlqcb3hm1v4dc2krttqmly48oj6dn/gradle-base-services-3.2.jar
7e60b000-7e618000 r--s 00041000 08:01 1073573                            /home/christian/.gradle/caches/jars-1/dgtjvv7hz6uw97ja0np1f4qgb2lzw3b/gradle-tooling-api-3.2.jar
7e618000-7e61e000 r--s 0003f000 08:08 3805732                            /media/data2/jdk1.8.0_60/jre/lib/ext/sunjce_provider.jar
7e61e000-7e61f000 r--s 00009000 08:08 3805734                            /media/data2/jdk1.8.0_60/jre/lib/ext/sunec.jar
7e61f000-7e622000 r--s 0001a000 08:08 3805701                            /media/data2/jdk1.8.0_60/jre/lib/jce.jar
7e622000-7e635000 r--s 00344000 08:08 3805713                            /media/data2/jdk1.8.0_60/jre/lib/resources.jar
7e635000-7e660000 r--s 001fc000 08:07 2640682                            /media/data1/android-studio/gradle/m2repository/com/google/guava/guava/18.0/guava-18.0.jar
7e660000-7e661000 r--s 00001000 08:01 416818                             /home/christian/.gradle/caches/modules-2/files-2.1/com.android.tools/annotations/25.2.2/a3ef0e1c61b9f01fc1793dab496f5ffe7346158e/annotations-25.2.2.jar
7e661000-7e673000 r--s 000b3000 08:07 2640904                            /media/data1/android-studio/gradle/m2repository/com/android/tools/external/com-intellij/uast/145.597.3/uast-145.597.3.jar
7e673000-7e67b000 r--s 000a8000 08:07 2640899                            /media/data1/android-studio/gradle/m2repository/com/android/tools/external/lombok/lombok-ast/0.2.3/lombok-ast-0.2.3.jar
7e67b000-7e67d000 r--s 0000d000 08:07 2641020                            /media/data1/android-studio/gradle/m2repository/commons-codec/commons-codec/1.4/commons-codec-1.4.jar
7e67d000-7e67f000 r--s 0000d000 08:07 2640489                            /media/data1/android-studio/gradle/m2repository/commons-logging/commons-logging/1.1.1/commons-logging-1.1.1.jar
7e67f000-7e684000 r--s 00028000 08:07 2640621                            /media/data1/android-studio/gradle/m2repository/org/apache/httpcomponents/httpcore/4.1/httpcore-4.1.jar
7e684000-7e688000 r--s 0002f000 08:07 2640697                            /media/data1/android-studio/gradle/m2repository/com/google/jimfs/jimfs/1.1/jimfs-1.1.jar
7e688000-7e689000 r--s 00004000 08:07 2640660                            /media/data1/android-studio/gradle/m2repository/com/intellij/annotations/12.0/annotations-12.0.jar
7e689000-7e68a000 r--s 00004000 08:07 2640514                            /media/data1/android-studio/gradle/m2repository/org/ow2/asm/asm-analysis/5.0.4/asm-analysis-5.0.4.jar
7e68a000-7e68e000 r--s 0003b000 08:01 415823                             /home/christian/.gradle/caches/modules-2/files-2.1/com.android.tools.lint/lint-api/25.2.2/7e74aed4607b552a571082a96c47c77997922cf0/lint-api-25.2.2.jar
7e68e000-7e690000 r--s 00005000 08:07 2640617                            /media/data1/android-studio/gradle/m2repository/org/apache/httpcomponents/httpmime/4.1/httpmime-4.1.jar
7e690000-7e698000 r--s 0004e000 08:07 2640628                            /media/data1/android-studio/gradle/m2repository/org/apache/httpcomponents/httpclient/4.1.1/httpclient-4.1.1.jar
7e698000-7e69f000 r--s 00053000 08:07 2640635                            /media/data1/android-studio/gradle/m2repository/org/apache/commons/commons-compress/1.8.1/commons-compress-1.8.1.jar
7e69f000-7e6a4000 r--s 0002a000 08:07 2640692                            /media/data1/android-studio/gradle/m2repository/com/google/code/gson/gson/2.2.4/gson-2.2.4.jar
7e6a4000-7e6a9000 r--s 0002d000 08:01 540597                             /home/christian/.gradle/caches/modules-2/files-2.1/com.android.tools/repository/25.2.2/7821db61966eb532e8bad9ff69cb77434a173837/repository-25.2.2.jar
7e6a9000-7e6ac000 r--s 00014000 08:01 544749                             /home/christian/.gradle/caches/modules-2/files-2.1/com.android.tools.layoutlib/layoutlib-api/25.2.2/3de8586894bf1ca31f69cf18163e698d513d50a2/layoutlib-api-25.2.2.jar
7e6ac000-7e6b0000 r--s 00037000 08:07 2640574                            /media/data1/android-studio/gradle/m2repository/org/antlr/ST4/4.0.8/ST4-4.0.8.jar
7e6b0000-7e6b3000 r--s 00026000 08:07 2640582                            /media/data1/android-studio/gradle/m2repository/org/antlr/antlr-runtime/3.5.2/antlr-runtime-3.5.2.jar
7e6b3000-7e6b8000 r--s 00058000 08:07 2640498                            /media/data1/android-studio/gradle/m2repository/org/ow2/asm/asm-debug-all/5.0.1/asm-debug-all-5.0.1.jar
7e6b8000-7e6c8000 r--s 000d6000 08:07 2641003                            /media/data1/android-studio/gradle/m2repository/net/sf/proguard/proguard-base/5.2.1/proguard-base-5.2.1.jar
7e6c8000-7e6cb000 r--s 00033000 08:07 2640663                            /media/data1/android-studio/gradle/m2repository/com/googlecode/juniversalchardet/juniversalchardet/1.0.3/juniversalchardet-1.0.3.jar
7e6cb000-7e6cf000 r--s 0002a000 08:07 2640485                            /media/data1/android-studio/gradle/m2repository/commons-io/commons-io/2.4/commons-io-2.4.jar
7e6cf000-7e6e6000 r--s 00154000 08:07 2640585                            /media/data1/android-studio/gradle/m2repository/org/antlr/antlr4/4.5.3/antlr4-4.5.3.jar
7e6e6000-7e6f9000 r--s 00236000 08:07 2640555                            /media/data1/android-studio/gradle/m2repository/org/eclipse/jdt/core/compiler/ecj/4.5.1/ecj-4.5.1.jar
7e6f9000-7e700000 r--s 000c3000 08:01 415407                             /home/christian/.gradle/caches/modules-2/files-2.1/com.android.tools.lint/lint-checks/25.2.2/cf59ff6df2069621802759f9bae947ecad63eaf4/lint-checks-25.2.2.jar
7e700000-7e7fb000 rw-p 00000000 00:00 0 
7e7fb000-7e800000 ---p 00000000 00:00 0 
7e800000-7e8fb000 rw-p 00000000 00:00 0 
7e8fb000-7e900000 ---p 00000000 00:00 0 
7e900000-7eae8000 rw-p 00000000 00:00 0 
7eae8000-7eb00000 ---p 00000000 00:00 0 
7eb00000-7ebff000 rw-p 00000000 00:00 0 
7ebff000-7ec00000 ---p 00000000 00:00 0 
7ec00000-7ed00000 rw-p 00000000 00:00 0 
7ed00000-7edfb000 rw-p 00000000 00:00 0 
7edfb000-7ee00000 ---p 00000000 00:00 0 
7ee00000-7eefa000 rw-p 00000000 00:00 0 
7eefa000-7ef00000 ---p 00000000 00:00 0 
7ef00000-7f000000 rw-p 00000000 00:00 0 
7f000000-7f1df000 rw-p 00000000 00:00 0 
7f1df000-7f200000 ---p 00000000 00:00 0 
7f200000-7f2fe000 rw-p 00000000 00:00 0 
7f2fe000-7f300000 ---p 00000000 00:00 0 
7f300000-7f4fb000 rw-p 00000000 00:00 0 
7f4fb000-7f500000 ---p 00000000 00:00 0 
7f500000-7f600000 rw-p 00000000 00:00 0 
7f600000-7f6fa000 rw-p 00000000 00:00 0 
7f6fa000-7f700000 ---p 00000000 00:00 0 
7f700000-7f800000 rw-p 00000000 00:00 0 
7f800000-7f900000 rw-p 00000000 00:00 0 
7f900000-7fa00000 rw-p 00000000 00:00 0 
7fa00000-7fafc000 rw-p 00000000 00:00 0 
7fafc000-7fb00000 ---p 00000000 00:00 0 
7fb00000-7fbec000 rw-p 00000000 00:00 0 
7fbec000-7fc00000 ---p 00000000 00:00 0 
7fc00000-7fd00000 rw-p 00000000 00:00 0 
7fd00000-7fdfc000 rw-p 00000000 00:00 0 
7fdfc000-7fe00000 ---p 00000000 00:00 0 
7fe00000-7fefe000 rw-p 00000000 00:00 0 
7fefe000-7ff00000 ---p 00000000 00:00 0 
7ff00000-800fe000 rw-p 00000000 00:00 0 
800fe000-80100000 ---p 00000000 00:00 0 
80100000-801f8000 rw-p 00000000 00:00 0 
801f8000-80200000 ---p 00000000 00:00 0 
80200000-80300000 rw-p 00000000 00:00 0 
80300000-80400000 rw-p 00000000 00:00 0 
80400000-80500000 rw-p 00000000 00:00 0 
80500000-805fe000 rw-p 00000000 00:00 0 
805fe000-80600000 ---p 00000000 00:00 0 
80600000-80601000 r--s 0000a000 08:07 2640995                            /media/data1/android-studio/gradle/m2repository/net/sf/kxml/kxml2/2.3.0/kxml2-2.3.0.jar
80601000-80602000 r--s 00005000 08:01 416993                             /home/christian/.gradle/caches/modules-2/files-2.1/com.android.tools/dvlib/25.2.2/13464959a61a5ac4327ea27cc9ca21d2091bca28/dvlib-25.2.2.jar
80602000-80603000 r--s 00002000 08:01 416035                             /home/christian/.gradle/caches/modules-2/files-2.1/com.android.databinding/baseLibrary/2.2.2/5e227e2d794cf680dd34fb04dd564ce58d6c764d/baseLibrary-2.2.2.jar
80603000-80605000 r--s 00006000 08:07 2640524                            /media/data1/android-studio/gradle/m2repository/org/ow2/asm/asm-tree/5.0.4/asm-tree-5.0.4.jar
80605000-80638000 r--s 00203000 08:07 2640589                            /media/data1/android-studio/gradle/m2repository/org/bouncycastle/bcprov-jdk15on/1.48/bcprov-jdk15on-1.48.jar
80638000-80646000 r--s 00081000 08:07 2640592                            /media/data1/android-studio/gradle/m2repository/org/bouncycastle/bcpkix-jdk15on/1.48/bcpkix-jdk15on-1.48.jar
80646000-80648000 r--s 00002000 08:07 2640668                            /media/data1/android-studio/gradle/m2repository/com/squareup/javawriter/2.5.0/javawriter-2.5.0.jar
80648000-80649000 r--s 00002000 08:01 544872                             /home/christian/.gradle/caches/modules-2/files-2.1/com.android.tools.analytics-library/tracker/25.2.2/ea989d6cd92a5ebcb3fe11d55018576d23ab4934/tracker-25.2.2.jar
80649000-8064b000 r--s 00003000 08:01 544805                             /home/christian/.gradle/caches/modules-2/files-2.1/com.android.tools.analytics-library/shared/25.2.2/323a5f9ba2dad480c364d19904d66af24eaa73c9/shared-25.2.2.jar
8064b000-80658000 r--s 000ed000 08:01 544933                             /home/christian/.gradle/caches/modules-2/files-2.1/com.android.tools.analytics-library/protos/25.2.2/fccf871b4bdecac767e8dd04c6de4704fffc345d/protos-25.2.2.jar
80658000-80659000 r--s 00001000 08:07 2624777                            /media/data1/android-studio/gradle/m2repository/com/android/tools/jill/jill-api/0.10.0/jill-api-0.10.0.jar
80659000-8065b000 r--s 00003000 08:07 2624787                            /media/data1/android-studio/gradle/m2repository/com/android/tools/jack/jack-api/0.11.0/jack-api-0.11.0.jar
8065b000-80660000 r--s 0004a000 08:01 545173                             /home/christian/.gradle/caches/modules-2/files-2.1/com.android.tools.ddms/ddmlib/25.2.2/569a5a8e380893d2a132fbef8ddc21c7e8cb2216/ddmlib-25.2.2.jar
80660000-80663000 r--s 00021000 08:01 546621                             /home/christian/.gradle/caches/modules-2/files-2.1/com.android.tools.build/manifest-merger/25.2.2/b098ba3f1610502bcdf600f2dac8b4df6144522f/manifest-merger-25.2.2.jar
80663000-80665000 r--s 0001c000 08:01 543510                             /home/christian/.gradle/caches/modules-2/files-2.1/com.android.tools/common/25.2.2/e5edb7d027c8fc9316b750f9e52d51435d60b3da/common-25.2.2.jar
80665000-8066e000 r--s 00083000 08:01 540381                             /home/christian/.gradle/caches/modules-2/files-2.1/com.android.tools/sdk-common/25.2.2/ae2926bd71f8d3162c361b746ba8d2a60343f78b/sdk-common-25.2.2.jar
8066e000-80679000 r--s 0008e000 08:01 540485                             /home/christian/.gradle/caches/modules-2/files-2.1/com.android.tools/sdklib/25.2.2/1a2ecb60205b3b09f0027bc75e5e434d21afc8de/sdklib-25.2.2.jar
80679000-8067c000 r--s 00005000 08:01 803995                             /home/christian/.gradle/caches/modules-2/files-2.1/com.android.tools.build/builder-model/2.2.2/8a31e0aab715a505a036d8abe22e28b02ee119f/builder-model-2.2.2.jar
8067c000-80686000 r--s 00110000 08:07 2640578                            /media/data1/android-studio/gradle/m2repository/org/antlr/antlr/3.5.2/antlr-3.5.2.jar
80686000-8068e000 r--s 0007b000 08:07 2640688                            /media/data1/android-studio/gradle/m2repository/com/google/protobuf/protobuf-java/2.5.0/protobuf-java-2.5.0.jar
8068e000-80690000 r--s 0000f000 08:07 2640992                            /media/data1/android-studio/gradle/m2repository/net/sf/jopt-simple/jopt-simple/4.9/jopt-simple-4.9.jar
80690000-80694000 r--s 0001f000 08:07 2640611                            /media/data1/android-studio/gradle/m2repository/org/jacoco/org.jacoco.report/0.7.5.201505241946/org.jacoco.report-0.7.5.201505241946.jar
80694000-80698000 r--s 0001d000 08:07 2640603                            /media/data1/android-studio/gradle/m2repository/org/jacoco/org.jacoco.core/0.7.5.201505241946/org.jacoco.core-0.7.5.201505241946.jar
80698000-806af000 r--s 0015d000 08:01 545819                             /home/christian/.gradle/caches/modules-2/files-2.1/com.android.tools.build/builder/2.2.2/dd7abccb39ecdc79a882d78fdae3629c2b1086b/builder-2.2.2.jar
806af000-806cc000 r--s 0019c000 08:01 546166                             /home/christian/.gradle/caches/modules-2/files-2.1/com.android.tools.build/gradle-core/2.2.2/a30c77ff78dd411cbbacbf2047acdc49ceeb48d1/gradle-core-2.2.2.jar
806cc000-806cf000 ---p 00000000 00:00 0 
806cf000-806e5000 rw-p 00000000 00:00 0 
806e5000-8075e000 r--s 010e2000 08:08 3801842                            /media/data2/jdk1.8.0_60/lib/tools.jar
8075e000-8085e000 rw-p 00000000 00:00 0 
8085e000-80861000 ---p 00000000 00:00 0 
80861000-808af000 rw-p 00000000 00:00 0 
808af000-808b2000 ---p 00000000 00:00 0 
808b2000-80a00000 rw-p 00000000 00:00 0                                  [stack:15245]
80a00000-80afa000 rw-p 00000000 00:00 0 
80afa000-80b00000 ---p 00000000 00:00 0 
80b00000-80b02000 r--s 00009000 08:07 2640530                            /media/data1/android-studio/gradle/m2repository/org/ow2/asm/asm-commons/5.0.4/asm-commons-5.0.4.jar
80b02000-80b04000 r--s 0000c000 08:07 2640549                            /media/data1/android-studio/gradle/m2repository/org/ow2/asm/asm/5.0.4/asm-5.0.4.jar
80b04000-80b08000 r--s 0002b000 08:01 416019                             /home/christian/.gradle/caches/modules-2/files-2.1/com.android.databinding/compilerCommon/2.2.2/78660dc872be99956f0383331f6fceec9bfd77a5/compilerCommon-2.2.2.jar
80b08000-80b0d000 r--s 00053000 08:01 415609                             /home/christian/.gradle/caches/modules-2/files-2.1/com.android.tools.lint/lint/25.2.2/a21a076b957e166ed87bce5101ef8b7a95517730/lint-25.2.2.jar
80b0d000-80b10000 ---p 00000000 00:00 0 
80b10000-80b5e000 rw-p 00000000 00:00 0                                  [stack:15115]
80b5e000-80b61000 ---p 00000000 00:00 0 
80b61000-80caf000 rw-p 00000000 00:00 0                                  [stack:15247]
80caf000-80cb2000 ---p 00000000 00:00 0 
80cb2000-80e00000 rw-p 00000000 00:00 0                                  [stack:13022]
80e00000-80fa8000 rw-p 00000000 00:00 0 
80fa8000-81000000 ---p 00000000 00:00 0 
81000000-810fd000 rw-p 00000000 00:00 0 
810fd000-81100000 ---p 00000000 00:00 0 
81100000-811ff000 rw-p 00000000 00:00 0 
811ff000-81200000 ---p 00000000 00:00 0 
81200000-81201000 r--s 00002000 08:01 546479                             /home/christian/.gradle/caches/modules-2/files-2.1/com.android.tools.build/builder-test-api/2.2.2/8012cbdf306a34ddec62719ecb443a7d5334f91f/builder-test-api-2.2.2.jar
81201000-81209000 r-xp 00000000 08:08 3805792                            /media/data2/jdk1.8.0_60/jre/lib/i386/libmanagement.so
81209000-8120a000 rw-p 00007000 08:08 3805792                            /media/data2/jdk1.8.0_60/jre/lib/i386/libmanagement.so
8120a000-8120e000 r--s 00095000 08:08 3805596                            /media/data2/jdk1.8.0_60/jre/lib/jsse.jar
8120e000-81210000 r--s 00007000 08:01 175671                             /home/christian/.gradle/wrapper/dists/gradle-2.14.1-all/8bnwg5hd3w55iofp58khbp6yv/gradle-2.14.1/lib/plugins/gradle-tooling-api-builders-2.14.1.jar
81210000-81213000 r--s 00008000 08:01 175664                             /home/christian/.gradle/wrapper/dists/gradle-2.14.1-all/8bnwg5hd3w55iofp58khbp6yv/gradle-2.14.1/lib/plugins/gradle-testing-native-2.14.1.jar
81213000-81215000 r--s 00009000 08:01 175739                             /home/christian/.gradle/wrapper/dists/gradle-2.14.1-all/8bnwg5hd3w55iofp58khbp6yv/gradle-2.14.1/lib/plugins/hamcrest-core-1.3.jar
81215000-8121b000 r--s 00033000 08:01 175733                             /home/christian/.gradle/wrapper/dists/gradle-2.14.1-all/8bnwg5hd3w55iofp58khbp6yv/gradle-2.14.1/lib/plugins/snakeyaml-1.6.jar
8121b000-8121d000 r--s 00006000 08:01 175732                             /home/christian/.gradle/wrapper/dists/gradle-2.14.1-all/8bnwg5hd3w55iofp58khbp6yv/gradle-2.14.1/lib/plugins/jcommander-1.12.jar
8121d000-81222000 r--s 00040000 08:01 175731                             /home/christian/.gradle/wrapper/dists/gradle-2.14.1-all/8bnwg5hd3w55iofp58khbp6yv/gradle-2.14.1/lib/plugins/bsh-2.0b4.jar
81222000-8122b000 r--s 00089000 08:01 175694                             /home/christian/.gradle/wrapper/dists/gradle-2.14.1-all/8bnwg5hd3w55iofp58khbp6yv/gradle-2.14.1/lib/plugins/testng-6.3.1.jar
8122b000-81233000 r--s 00045000 08:01 175693                             /home/christian/.gradle/wrapper/dists/gradle-2.14.1-all/8bnwg5hd3w55iofp58khbp6yv/gradle-2.14.1/lib/plugins/junit-4.12.jar
81233000-81239000 r--s 0002e000 08:01 175665                             /home/christian/.gradle/wrapper/dists/gradle-2.14.1-all/8bnwg5hd3w55iofp58khbp6yv/gradle-2.14.1/lib/plugins/gradle-testing-jvm-2.14.1.jar
81239000-8123e000 r--s 00015000 08:01 175663                             /home/christian/.gradle/wrapper/dists/gradle-2.14.1-all/8bnwg5hd3w55iofp58khbp6yv/gradle-2.14.1/lib/plugins/gradle-testing-base-2.14.1.jar
8123e000-8123f000 r--s 00002000 08:01 175687                             /home/christian/.gradle/wrapper/dists/gradle-2.14.1-all/8bnwg5hd3w55iofp58khbp6yv/gradle-2.14.1/lib/plugins/sonar-batch-bootstrapper-2.9.jar
8123f000-81242000 r--s 00015000 08:01 175643                             /home/christian/.gradle/wrapper/dists/gradle-2.14.1-all/8bnwg5hd3w55iofp58khbp6yv/gradle-2.14.1/lib/plugins/gradle-sonar-2.14.1.jar
81242000-81249000 r--s 00038000 08:01 175688                             /home/christian/.gradle/wrapper/dists/gradle-2.14.1-all/8bnwg5hd3w55iofp58khbp6yv/gradle-2.14.1/lib/plugins/bcpg-jdk15on-1.51.jar
81249000-8124b000 r--s 0000d000 08:01 175644                             /home/christian/.gradle/wrapper/dists/gradle-2.14.1-all/8bnwg5hd3w55iofp58khbp6yv/gradle-2.14.1/lib/plugins/gradle-signing-2.14.1.jar
8124b000-8124e000 r--s 00009000 08:01 175642                             /home/christian/.gradle/wrapper/dists/gradle-2.14.1-all/8bnwg5hd3w55iofp58khbp6yv/gradle-2.14.1/lib/plugins/gradle-scala-2.14.1.jar
8124e000-8124f000 r--s 00004000 08:01 175669                             /home/christian/.gradle/wrapper/dists/gradle-2.14.1-all/8bnwg5hd3w55iofp58khbp6yv/gradle-2.14.1/lib/plugins/gradle-resources-sftp-2.14.1.jar
8124f000-8125f000 r--s 00088000 08:01 175704                             /home/christian/.gradle/wrapper/dists/gradle-2.14.1-all/8bnwg5hd3w55iofp58khbp6yv/gradle-2.14.1/lib/plugins/joda-time-2.8.2.jar
8125f000-81270000 r--s 000cf000 08:01 175703                             /home/christian/.gradle/wrapper/dists/gradle-2.14.1-all/8bnwg5hd3w55iofp58khbp6yv/gradle-2.14.1/lib/plugins/jackson-databind-2.3.2.jar
81270000-81272000 r--s 00007000 08:01 175702                             /home/christian/.gradle/wrapper/dists/gradle-2.14.1-all/8bnwg5hd3w55iofp58khbp6yv/gradle-2.14.1/lib/plugins/jackson-annotations-2.3.2.jar
81272000-81275000 r--s 0002e000 08:01 175701                             /home/christian/.gradle/wrapper/dists/gradle-2.14.1-all/8bnwg5hd3w55iofp58khbp6yv/gradle-2.14.1/lib/plugins/jackson-core-2.3.2.jar
81275000-81280000 r--s 0006b000 08:01 175700                             /home/christian/.gradle/wrapper/dists/gradle-2.14.1-all/8bnwg5hd3w55iofp58khbp6yv/gradle-2.14.1/lib/plugins/aws-java-sdk-core-1.9.19.jar
81280000-81286000 r--s 00036000 08:01 175699                             /home/christian/.gradle/wrapper/dists/gradle-2.14.1-all/8bnwg5hd3w55iofp58khbp6yv/gradle-2.14.1/lib/plugins/aws-java-sdk-kms-1.9.19.jar
81286000-81291000 r--s 00079000 08:01 175698                             /home/christian/.gradle/wrapper/dists/gradle-2.14.1-all/8bnwg5hd3w55iofp58khbp6yv/gradle-2.14.1/lib/plugins/aws-java-sdk-s3-1.9.19.jar
81291000-81292000 r--s 00003000 08:01 175670                             /home/christian/.gradle/wrapper/dists/gradle-2.14.1-all/8bnwg5hd3w55iofp58khbp6yv/gradle-2.14.1/lib/plugins/gradle-resources-s3-2.14.1.jar
81292000-81294000 r--s 00005000 08:01 175692                             /home/christian/.gradle/wrapper/dists/gradle-2.14.1-all/8bnwg5hd3w55iofp58khbp6yv/gradle-2.14.1/lib/plugins/jatl-0.2.2.jar
81294000-81296000 r--s 0000f000 08:01 175649                             /home/christian/.gradle/wrapper/dists/gradle-2.14.1-all/8bnwg5hd3w55iofp58khbp6yv/gradle-2.14.1/lib/plugins/gradle-reporting-2.14.1.jar
81296000-81298000 r--s 00002000 08:01 175631                             /home/christian/.gradle/wrapper/dists/gradle-2.14.1-all/8bnwg5hd3w55iofp58khbp6yv/gradle-2.14.1/lib/plugins/gradle-publish-2.14.1.jar
81298000-8129a000 r--s 00009000 08:01 175674                             /home/christian/.gradle/wrapper/dists/gradle-2.14.1-all/8bnwg5hd3w55iofp58khbp6yv/gradle-2.14.1/lib/plugins/commons-cli-1.2.jar
8129a000-812a0000 r--s 00033000 08:01 175634                             /home/christian/.gradle/wrapper/dists/gradle-2.14.1-all/8bnwg5hd3w55iofp58khbp6yv/gradle-2.14.1/lib/plugins/gradle-plugins-2.14.1.jar
812a0000-812a2000 r--s 00007000 08:01 175666                             /home/christian/.gradle/wrapper/dists/gradle-2.14.1-all/8bnwg5hd3w55iofp58khbp6yv/gradle-2.14.1/lib/plugins/gradle-plugin-development-2.14.1.jar
812a2000-812a8000 r--s 0002a000 08:01 175659                             /home/christian/.gradle/wrapper/dists/gradle-2.14.1-all/8bnwg5hd3w55iofp58khbp6yv/gradle-2.14.1/lib/plugins/gradle-platform-play-2.14.1.jar
812a8000-812b5000 r--s 0004d000 08:01 175658                             /home/christian/.gradle/wrapper/dists/gradle-2.14.1-all/8bnwg5hd3w55iofp58khbp6yv/gradle-2.14.1/lib/plugins/gradle-platform-native-2.14.1.jar
812b5000-812b9000 r--s 0001a000 08:01 175653                             /home/christian/.gradle/wrapper/dists/gradle-2.14.1-all/8bnwg5hd3w55iofp58khbp6yv/gradle-2.14.1/lib/plugins/gradle-platform-jvm-2.14.1.jar
812b9000-812c0000 r--s 00029000 08:01 175652                             /home/christian/.gradle/wrapper/dists/gradle-2.14.1-all/8bnwg5hd3w55iofp58khbp6yv/gradle-2.14.1/lib/plugins/gradle-platform-base-2.14.1.jar
812c0000-812e1000 r--s 001c3000 08:01 175682                             /home/christian/.gradle/wrapper/dists/gradle-2.14.1-all/8bnwg5hd3w55iofp58khbp6yv/gradle-2.14.1/lib/plugins/bndlib-2.4.0.jar
812e1000-812e3000 r--s 00003000 08:01 175638                             /home/christian/.gradle/wrapper/dists/gradle-2.14.1-all/8bnwg5hd3w55iofp58khbp6yv/gradle-2.14.1/lib/plugins/gradle-osgi-2.14.1.jar
812e3000-812e6000 r--s 0000c000 08:01 175685                             /home/christian/.gradle/wrapper/dists/gradle-2.14.1-all/8bnwg5hd3w55iofp58khbp6yv/gradle-2.14.1/lib/plugins/pmaven-groovy-0.8-20100325.jar
812e6000-812e7000 r--s 00004000 08:01 175684                             /home/christian/.gradle/wrapper/dists/gradle-2.14.1-all/8bnwg5hd3w55iofp58khbp6yv/gradle-2.14.1/lib/plugins/pmaven-common-0.8-20100325.jar
812e7000-812ed000 r--s 00022000 08:01 175639                             /home/christian/.gradle/wrapper/dists/gradle-2.14.1-all/8bnwg5hd3w55iofp58khbp6yv/gradle-2.14.1/lib/plugins/gradle-maven-2.14.1.jar
812ed000-812ef000 r--s 0000a000 08:01 175657                             /home/christian/.gradle/wrapper/dists/gradle-2.14.1-all/8bnwg5hd3w55iofp58khbp6yv/gradle-2.14.1/lib/plugins/gradle-language-scala-2.14.1.jar
812ef000-812f5000 r--s 0001a000 08:01 175661                             /home/christian/.gradle/wrapper/dists/gradle-2.14.1-all/8bnwg5hd3w55iofp58khbp6yv/gradle-2.14.1/lib/plugins/gradle-language-native-2.14.1.jar
812f5000-812f7000 r--s 00008000 08:01 175654                             /home/christian/.gradle/wrapper/dists/gradle-2.14.1-all/8bnwg5hd3w55iofp58khbp6yv/gradle-2.14.1/lib/plugins/gradle-language-jvm-2.14.1.jar
812f7000-812fd000 r--s 00024000 08:01 175655                             /home/christian/.gradle/wrapper/dists/gradle-2.14.1-all/8bnwg5hd3w55iofp58khbp6yv/gradle-2.14.1/lib/plugins/gradle-language-java-2.14.1.jar
812fd000-81300000 r--s 0001e000 08:01 175706                             /home/christian/.gradle/wrapper/dists/gradle-2.14.1-all/8bnwg5hd3w55iofp58khbp6yv/gradle-2.14.1/lib/plugins/jsp-api-2.1-6.1.14.jar
81300000-813ff000 rw-p 00000000 00:00 0 
813ff000-81400000 ---p 00000000 00:00 0 
81400000-814fb000 rw-p 00000000 00:00 0 
814fb000-81500000 ---p 00000000 00:00 0 
81500000-81502000 r--s 0000a000 08:01 175656                             /home/christian/.gradle/wrapper/dists/gradle-2.14.1-all/8bnwg5hd3w55iofp58khbp6yv/gradle-2.14.1/lib/plugins/gradle-language-groovy-2.14.1.jar
81502000-81525000 r--s 00344000 08:01 175633                             /home/christian/.gradle/wrapper/dists/gradle-2.14.1-all/8bnwg5hd3w55iofp58khbp6yv/gradle-2.14.1/lib/plugins/core-3.1.1.jar
81525000-81526000 r--s 00006000 08:01 175630                             /home/christian/.gradle/wrapper/dists/gradle-2.14.1-all/8bnwg5hd3w55iofp58khbp6yv/gradle-2.14.1/lib/plugins/jetty-naming-6.1.25.jar
81526000-81527000 r--s 00002000 08:01 175681                             /home/christian/.gradle/wrapper/dists/gradle-2.14.1-all/8bnwg5hd3w55iofp58khbp6yv/gradle-2.14.1/lib/plugins/geronimo-annotation_1.0_spec-1.0.jar
81527000-81529000 r--s 00002000 08:01 175680                             /home/christian/.gradle/wrapper/dists/gradle-2.14.1-all/8bnwg5hd3w55iofp58khbp6yv/gradle-2.14.1/lib/plugins/jetty-annotations-6.1.25.jar
81529000-8153a000 r--s 000ea000 08:01 175679                             /home/christian/.gradle/wrapper/dists/gradle-2.14.1-all/8bnwg5hd3w55iofp58khbp6yv/gradle-2.14.1/lib/plugins/jsp-2.1-6.1.14.jar
8153a000-8153c000 r--s 0000d000 08:01 175678                             /home/christian/.gradle/wrapper/dists/gradle-2.14.1-all/8bnwg5hd3w55iofp58khbp6yv/gradle-2.14.1/lib/plugins/jetty-plus-6.1.25.jar
8153c000-8153e000 r--s 0001f000 08:01 175677                             /home/christian/.gradle/wrapper/dists/gradle-2.14.1-all/8bnwg5hd3w55iofp58khbp6yv/gradle-2.14.1/lib/plugins/servlet-api-2.5-20081211.jar
8153e000-81542000 r--s 00028000 08:01 175676                             /home/christian/.gradle/wrapper/dists/gradle-2.14.1-all/8bnwg5hd3w55iofp58khbp6yv/gradle-2.14.1/lib/plugins/jetty-util-6.1.25.jar
81542000-81549000 r--s 0007d000 08:01 175675                             /home/christian/.gradle/wrapper/dists/gradle-2.14.1-all/8bnwg5hd3w55iofp58khbp6yv/gradle-2.14.1/lib/plugins/jetty-6.1.25.jar
81549000-8154b000 r--s 00009000 08:01 175636                             /home/christian/.gradle/wrapper/dists/gradle-2.14.1-all/8bnwg5hd3w55iofp58khbp6yv/gradle-2.14.1/lib/plugins/gradle-jetty-2.14.1.jar
8154b000-81552000 r--s 00035000 08:01 175691                             /home/christian/.gradle/wrapper/dists/gradle-2.14.1-all/8bnwg5hd3w55iofp58khbp6yv/gradle-2.14.1/lib/plugins/simple-4.1.21.jar
81552000-8155e000 r--s 00100000 08:01 175689                             /home/christian/.gradle/wrapper/dists/gradle-2.14.1-all/8bnwg5hd3w55iofp58khbp6yv/gradle-2.14.1/lib/plugins/rhino-1.7R3.jar
8155e000-81562000 r--s 00011000 08:01 175646                             /home/christian/.gradle/wrapper/dists/gradle-2.14.1-all/8bnwg5hd3w55iofp58khbp6yv/gradle-2.14.1/lib/plugins/gradle-javascript-2.14.1.jar
81562000-81564000 r--s 0000c000 08:01 175650                             /home/christian/.gradle/wrapper/dists/gradle-2.14.1-all/8bnwg5hd3w55iofp58khbp6yv/gradle-2.14.1/lib/plugins/gradle-jacoco-2.14.1.jar
81564000-81567000 r--s 0000e000 08:01 175632                             /home/christian/.gradle/wrapper/dists/gradle-2.14.1-all/8bnwg5hd3w55iofp58khbp6yv/gradle-2.14.1/lib/plugins/gradle-ivy-2.14.1.jar
81567000-81568000 r--s 00002000 08:01 175660                             /home/christian/.gradle/wrapper/dists/gradle-2.14.1-all/8bnwg5hd3w55iofp58khbp6yv/gradle-2.14.1/lib/plugins/gradle-ide-play-2.14.1.jar
81568000-8156d000 r--s 0002b000 08:01 175662                             /home/christian/.gradle/wrapper/dists/gradle-2.14.1-all/8bnwg5hd3w55iofp58khbp6yv/gradle-2.14.1/lib/plugins/gradle-ide-native-2.14.1.jar
8156d000-81578000 r--s 00066000 08:01 175640                             /home/christian/.gradle/wrapper/dists/gradle-2.14.1-all/8bnwg5hd3w55iofp58khbp6yv/gradle-2.14.1/lib/plugins/gradle-ide-2.14.1.jar
81578000-81579000 r--s 00008000 08:01 175645                             /home/christian/.gradle/wrapper/dists/gradle-2.14.1-all/8bnwg5hd3w55iofp58khbp6yv/gradle-2.14.1/lib/plugins/gradle-ear-2.14.1.jar
81579000-8157f000 r--s 00032000 08:01 175648                             /home/christian/.gradle/wrapper/dists/gradle-2.14.1-all/8bnwg5hd3w55iofp58khbp6yv/gradle-2.14.1/lib/plugins/gradle-diagnostics-2.14.1.jar
8157f000-81583000 r--s 00021000 08:01 175635                             /home/christian/.gradle/wrapper/dists/gradle-2.14.1-all/8bnwg5hd3w55iofp58khbp6yv/gradle-2.14.1/lib/plugins/gradle-code-quality-2.14.1.jar
81583000-81587000 r--s 0001f000 08:01 175651                             /home/christian/.gradle/wrapper/dists/gradle-2.14.1-all/8bnwg5hd3w55iofp58khbp6yv/gradle-2.14.1/lib/plugins/gradle-build-init-2.14.1.jar
81587000-8158e000 r--s 0008e000 08:01 175647                             /home/christian/.gradle/wrapper/dists/gradle-2.14.1-all/8bnwg5hd3w55iofp58khbp6yv/gradle-2.14.1/lib/plugins/gradle-build-comparison-2.14.1.jar
8158e000-81590000 r--s 00008000 08:01 175637                             /home/christian/.gradle/wrapper/dists/gradle-2.14.1-all/8bnwg5hd3w55iofp58khbp6yv/gradle-2.14.1/lib/plugins/gradle-antlr-2.14.1.jar
81590000-81592000 r--s 00004000 08:01 175641                             /home/christian/.gradle/wrapper/dists/gradle-2.14.1-all/8bnwg5hd3w55iofp58khbp6yv/gradle-2.14.1/lib/plugins/gradle-announce-2.14.1.jar
81592000-815aa000 r--s 00115000 08:01 175736                             /home/christian/.gradle/wrapper/dists/gradle-2.14.1-all/8bnwg5hd3w55iofp58khbp6yv/gradle-2.14.1/lib/plugins/xercesImpl-2.9.1.jar
815aa000-815b2000 r--s 00028000 08:01 175737                             /home/christian/.gradle/wrapper/dists/gradle-2.14.1-all/8bnwg5hd3w55iofp58khbp6yv/gradle-2.14.1/lib/plugins/xml-apis-1.3.04.jar
815b2000-815b8000 r--s 0005b000 08:01 175735                             /home/christian/.gradle/wrapper/dists/gradle-2.14.1-all/8bnwg5hd3w55iofp58khbp6yv/gradle-2.14.1/lib/plugins/jcifs-1.3.17.jar
815b8000-815bf000 r--s 00049000 08:01 175734                             /home/christian/.gradle/wrapper/dists/gradle-2.14.1-all/8bnwg5hd3w55iofp58khbp6yv/gradle-2.14.1/lib/plugins/httpcore-4.4.4.jar
815bf000-815c5000 r--s 00033000 08:01 175686                             /home/christian/.gradle/wrapper/dists/gradle-2.14.1-all/8bnwg5hd3w55iofp58khbp6yv/gradle-2.14.1/lib/plugins/commons-codec-1.6.jar
815c5000-815c8000 r--s 0001c000 08:01 175696                             /home/christian/.gradle/wrapper/dists/gradle-2.14.1-all/8bnwg5hd3w55iofp58khbp6yv/gradle-2.14.1/lib/plugins/nekohtml-1.9.14.jar
815c8000-815d5000 r--s 000a4000 08:01 175695                             /home/christian/.gradle/wrapper/dists/gradle-2.14.1-all/8bnwg5hd3w55iofp58khbp6yv/gradle-2.14.1/lib/plugins/httpclient-4.4.1.jar
815d5000-815d7000 r--s 0000a000 08:01 175668                             /home/christian/.gradle/wrapper/dists/gradle-2.14.1-all/8bnwg5hd3w55iofp58khbp6yv/gradle-2.14.1/lib/plugins/gradle-resources-http-2.14.1.jar
815d7000-815db000 r--s 00014000 08:01 175667                             /home/christian/.gradle/wrapper/dists/gradle-2.14.1-all/8bnwg5hd3w55iofp58khbp6yv/gradle-2.14.1/lib/plugins/gradle-plugin-use-2.14.1.jar
815db000-815dc000 r--s 00000000 08:01 26979                              /home/christian/.gradle/wrapper/dists/gradle-2.14.1-all/8bnwg5hd3w55iofp58khbp6yv/gradle-2.14.1/lib/gradle-installation-beacon-2.14.1.jar
815dc000-815dd000 r--s 00007000 08:01 175730                             /home/christian/.gradle/wrapper/dists/gradle-2.14.1-all/8bnwg5hd3w55iofp58khbp6yv/gradle-2.14.1/lib/plugins/wagon-http-shared4-2.4.jar
815dd000-815e1000 r--s 00033000 08:01 175729                             /home/christian/.gradle/wrapper/dists/gradle-2.14.1-all/8bnwg5hd3w55iofp58khbp6yv/gradle-2.14.1/lib/plugins/plexus-utils-2.0.6.jar
815e1000-815e5000 r--s 00021000 08:01 175728                             /home/christian/.gradle/wrapper/dists/gradle-2.14.1-all/8bnwg5hd3w55iofp58khbp6yv/gradle-2.14.1/lib/plugins/maven-model-builder-3.0.4.jar
815e5000-815e6000 r--s 00002000 08:01 175727                             /home/christian/.gradle/wrapper/dists/gradle-2.14.1-all/8bnwg5hd3w55iofp58khbp6yv/gradle-2.14.1/lib/plugins/wagon-file-2.4.jar
815e6000-815e8000 r--s 00002000 08:01 175726                             /home/christian/.gradle/wrapper/dists/gradle-2.14.1-all/8bnwg5hd3w55iofp58khbp6yv/gradle-2.14.1/lib/plugins/plexus-cipher-1.7.jar
815e8000-815eb000 r--s 00013000 08:01 175725                             /home/christian/.gradle/wrapper/dists/gradle-2.14.1-all/8bnwg5hd3w55iofp58khbp6yv/gradle-2.14.1/lib/plugins/aether-api-1.13.1.jar
815eb000-815ed000 r--s 0000a000 08:01 175724                             /home/christian/.gradle/wrapper/dists/gradle-2.14.1-all/8bnwg5hd3w55iofp58khbp6yv/gradle-2.14.1/lib/plugins/maven-settings-3.0.4.jar
815ed000-815ef000 r--s 0000d000 08:01 175723                             /home/christian/.gradle/wrapper/dists/gradle-2.14.1-all/8bnwg5hd3w55iofp58khbp6yv/gradle-2.14.1/lib/plugins/plexus-interpolation-1.14.jar
815ef000-815f1000 r--s 0000b000 08:01 175722                             /home/christian/.gradle/wrapper/dists/gradle-2.14.1-all/8bnwg5hd3w55iofp58khbp6yv/gradle-2.14.1/lib/plugins/maven-artifact-3.0.4.jar
815f1000-815f8000 r--s 0002e000 08:01 175721                             /home/christian/.gradle/wrapper/dists/gradle-2.14.1-all/8bnwg5hd3w55iofp58khbp6yv/gradle-2.14.1/lib/plugins/plexus-container-default-1.5.5.jar
815f8000-815fa000 r--s 0000b000 08:01 175720                             /home/christian/.gradle/wrapper/dists/gradle-2.14.1-all/8bnwg5hd3w55iofp58khbp6yv/gradle-2.14.1/lib/plugins/maven-plugin-api-3.0.4.jar
815fa000-81600000 r--s 0003f000 08:01 175719                             /home/christian/.gradle/wrapper/dists/gradle-2.14.1-all/8bnwg5hd3w55iofp58khbp6yv/gradle-2.14.1/lib/plugins/maven-compat-3.0.4.jar
81600000-816fc000 rw-p 00000000 00:00 0 
816fc000-81700000 ---p 00000000 00:00 0 
81700000-817c4000 rw-p 00000000 00:00 0 
817c4000-81800000 ---p 00000000 00:00 0 
81800000-81802000 r--s 00000000 08:01 175738                             /home/christian/.gradle/wrapper/dists/gradle-2.14.1-all/8bnwg5hd3w55iofp58khbp6yv/gradle-2.14.1/lib/plugins/plexus-component-annotations-1.5.5.jar
81802000-81805000 r--s 00008000 08:01 175718                             /home/christian/.gradle/wrapper/dists/gradle-2.14.1-all/8bnwg5hd3w55iofp58khbp6yv/gradle-2.14.1/lib/plugins/maven-settings-builder-3.0.4.jar
81805000-81806000 r--s 00002000 08:01 175717                             /home/christian/.gradle/wrapper/dists/gradle-2.14.1-all/8bnwg5hd3w55iofp58khbp6yv/gradle-2.14.1/lib/plugins/wagon-http-2.4.jar
81806000-81808000 r--s 00026000 08:01 175716                             /home/christian/.gradle/wrapper/dists/gradle-2.14.1-all/8bnwg5hd3w55iofp58khbp6yv/gradle-2.14.1/lib/plugins/maven-model-3.0.4.jar
81808000-8180a000 r--s 00006000 08:01 175715                             /home/christian/.gradle/wrapper/dists/gradle-2.14.1-all/8bnwg5hd3w55iofp58khbp6yv/gradle-2.14.1/lib/plugins/aether-connector-wagon-1.13.1.jar
8180a000-8180c000 r--s 0000a000 08:01 175714                             /home/christian/.gradle/wrapper/dists/gradle-2.14.1-all/8bnwg5hd3w55iofp58khbp6yv/gradle-2.14.1/lib/plugins/plexus-classworlds-2.4.jar
8180c000-8180e000 r--s 00006000 08:01 175713                             /home/christian/.gradle/wrapper/dists/gradle-2.14.1-all/8bnwg5hd3w55iofp58khbp6yv/gradle-2.14.1/lib/plugins/maven-repository-metadata-3.0.4.jar
8180e000-81810000 r--s 0000c000 08:01 175712                             /home/christian/.gradle/wrapper/dists/gradle-2.14.1-all/8bnwg5hd3w55iofp58khbp6yv/gradle-2.14.1/lib/plugins/maven-aether-provider-3.0.4.jar
81810000-81814000 r--s 0001c000 08:01 175709                             /home/christian/.gradle/wrapper/dists/gradle-2.14.1-all/8bnwg5hd3w55iofp58khbp6yv/gradle-2.14.1/lib/plugins/aether-util-1.13.1.jar
81814000-81817000 r--s 0001d000 08:01 175708                             /home/christian/.gradle/wrapper/dists/gradle-2.14.1-all/8bnwg5hd3w55iofp58khbp6yv/gradle-2.14.1/lib/plugins/aether-impl-1.13.1.jar
81817000-818f4000 r-xp 00000000 08:01 1057039                            /usr/lib/i386-linux-gnu/libstdc++.so.6.0.18
818f4000-818f8000 r--p 000dc000 08:01 1057039                            /usr/lib/i386-linux-gnu/libstdc++.so.6.0.18
818f8000-818f9000 rw-p 000e0000 08:01 1057039                            /usr/lib/i386-linux-gnu/libstdc++.so.6.0.18
818f9000-81900000 rw-p 00000000 00:00 0 
81900000-819fc000 rw-p 00000000 00:00 0 
819fc000-81a00000 ---p 00000000 00:00 0 
81a00000-81a01000 r--s 00002000 08:07 2641013                            /media/data1/android-studio/gradle/m2repository/net/sf/proguard/proguard-gradle/5.2.1/proguard-gradle-5.2.1.jar
81a01000-81a02000 r--s 00002000 08:01 546137                             /home/christian/.gradle/caches/modules-2/files-2.1/com.android.tools.build/gradle-api/2.2.2/92ff95aa5667ecd5acc728e5c77241b5495f082e/gradle-api-2.2.2.jar
81a02000-81a03000 r--s 00000000 08:07 2624797                            /media/data1/android-studio/gradle/m2repository/com/android/tools/build/transform-api/2.0.0-deprecated-use-gradle-api/transform-api-2.0.0-deprecated-use-gradle-api.jar
81a03000-81a05000 r--s 0000d000 08:01 545799                             /home/christian/.gradle/caches/modules-2/files-2.1/com.android.tools.build/gradle/2.2.2/d9661b19bfd0818a680cd2d6f3fafcf7ddfc5e1f/gradle-2.2.2.jar
81a05000-81a06000 r--p 00000000 00:00 0 
81a06000-81a09000 ---p 00000000 00:00 0 
81a09000-81a57000 rw-p 00000000 00:00 0                                  [stack:15246]
81a57000-81a5a000 ---p 00000000 00:00 0 
81a5a000-81aa8000 rw-p 00000000 00:00 0                                  [stack:15210]
81aa8000-81aaf000 r--s 00000000 08:01 1064468                            /usr/lib/i386-linux-gnu/gconv/gconv-modules.cache
81aaf000-81ab2000 ---p 00000000 00:00 0 
81ab2000-81b00000 rw-p 00000000 00:00 0                                  [stack:13025]
81b00000-81c00000 rw-p 00000000 00:00 0 
81c00000-81cff000 rw-p 00000000 00:00 0 
81cff000-81d00000 ---p 00000000 00:00 0 
81d00000-81d02000 r--s 0000b000 08:01 175711                             /home/christian/.gradle/wrapper/dists/gradle-2.14.1-all/8bnwg5hd3w55iofp58khbp6yv/gradle-2.14.1/lib/plugins/wagon-provider-api-2.4.jar
81d02000-81d07000 r--s 00040000 08:01 175697                             /home/christian/.gradle/wrapper/dists/gradle-2.14.1-all/8bnwg5hd3w55iofp58khbp6yv/gradle-2.14.1/lib/plugins/jsch-0.1.53.jar
81d07000-81d47000 r--s 00277000 08:01 175629                             /home/christian/.gradle/wrapper/dists/gradle-2.14.1-all/8bnwg5hd3w55iofp58khbp6yv/gradle-2.14.1/lib/plugins/bcprov-jdk15on-1.51.jar
81d47000-81d53000 r--s 0007d000 08:01 175683                             /home/christian/.gradle/wrapper/dists/gradle-2.14.1-all/8bnwg5hd3w55iofp58khbp6yv/gradle-2.14.1/lib/plugins/maven-core-3.0.4.jar
81d53000-81d6f000 r--s 000d3000 08:01 175672                             /home/christian/.gradle/wrapper/dists/gradle-2.14.1-all/8bnwg5hd3w55iofp58khbp6yv/gradle-2.14.1/lib/plugins/gradle-dependency-management-2.14.1.jar
81d6f000-81d8a000 r-xp 00000000 08:01 796573                             /lib/i386-linux-gnu/libgcc_s.so.1
81d8a000-81d8b000 r--p 0001a000 08:01 796573                             /lib/i386-linux-gnu/libgcc_s.so.1
81d8b000-81d8c000 rw-p 0001b000 08:01 796573                             /lib/i386-linux-gnu/libgcc_s.so.1
81d8c000-81d8d000 r--s 00003000 08:01 175710                             /home/christian/.gradle/wrapper/dists/gradle-2.14.1-all/8bnwg5hd3w55iofp58khbp6yv/gradle-2.14.1/lib/plugins/aether-spi-1.13.1.jar
81d8d000-81d8e000 r--s 00006000 08:01 175707                             /home/christian/.gradle/wrapper/dists/gradle-2.14.1-all/8bnwg5hd3w55iofp58khbp6yv/gradle-2.14.1/lib/plugins/plexus-sec-dispatcher-1.3.jar
81d8e000-81d92000 r--s 0001d000 08:01 175628                             /home/christian/.gradle/wrapper/dists/gradle-2.14.1-all/8bnwg5hd3w55iofp58khbp6yv/gradle-2.14.1/lib/plugins/xbean-reflect-3.4.jar
81d92000-81d97000 r--s 0002a000 08:01 175690                             /home/christian/.gradle/wrapper/dists/gradle-2.14.1-all/8bnwg5hd3w55iofp58khbp6yv/gradle-2.14.1/lib/plugins/gson-2.2.4.jar
81d97000-81da6000 r--s 000d9000 08:01 175705                             /home/christian/.gradle/wrapper/dists/gradle-2.14.1-all/8bnwg5hd3w55iofp58khbp6yv/gradle-2.14.1/lib/plugins/ivy-2.2.0.jar
81da6000-81daa000 r-xp 00000000 08:01 1085898                            /home/christian/.gradle/native/19/linux-i386/libnative-platform.so
81daa000-81dab000 rw-p 00003000 08:01 1085898                            /home/christian/.gradle/native/19/linux-i386/libnative-platform.so
81dab000-81dba000 r-xp 00000000 08:08 3805799                            /media/data2/jdk1.8.0_60/jre/lib/i386/libnio.so
81dba000-81dbb000 rw-p 0000e000 08:08 3805799                            /media/data2/jdk1.8.0_60/jre/lib/i386/libnio.so
81dbb000-81dd0000 r-xp 00000000 08:08 3805777                            /media/data2/jdk1.8.0_60/jre/lib/i386/libnet.so
81dd0000-81dd1000 rw-p 00015000 08:08 3805777                            /media/data2/jdk1.8.0_60/jre/lib/i386/libnet.so
81dd1000-81dd3000 r--s 00005000 08:01 26978                              /home/christian/.gradle/wrapper/dists/gradle-2.14.1-all/8bnwg5hd3w55iofp58khbp6yv/gradle-2.14.1/lib/gradle-wrapper-2.14.1.jar
81dd3000-81de1000 r--s 0004f000 08:01 26985                              /home/christian/.gradle/wrapper/dists/gradle-2.14.1-all/8bnwg5hd3w55iofp58khbp6yv/gradle-2.14.1/lib/gradle-tooling-api-2.14.1.jar
81de1000-81de3000 r--s 00002000 08:01 27005                              /home/christian/.gradle/wrapper/dists/gradle-2.14.1-all/8bnwg5hd3w55iofp58khbp6yv/gradle-2.14.1/lib/gradle-open-api-2.14.1.jar
81de3000-81de9000 r--s 00032000 08:01 27007                              /home/christian/.gradle/wrapper/dists/gradle-2.14.1-all/8bnwg5hd3w55iofp58khbp6yv/gradle-2.14.1/lib/jaxen-1.1.jar
81de9000-81dee000 r--s 00048000 08:01 27006                              /home/christian/.gradle/wrapper/dists/gradle-2.14.1-all/8bnwg5hd3w55iofp58khbp6yv/gradle-2.14.1/lib/dom4j-1.6.1.jar
81dee000-81df9000 r--s 00059000 08:01 26984                              /home/christian/.gradle/wrapper/dists/gradle-2.14.1-all/8bnwg5hd3w55iofp58khbp6yv/gradle-2.14.1/lib/gradle-ui-2.14.1.jar
81df9000-81dfc000 r--s 0000b000 08:01 27003                              /home/christian/.gradle/wrapper/dists/gradle-2.14.1-all/8bnwg5hd3w55iofp58khbp6yv/gradle-2.14.1/lib/gradle-resources-2.14.1.jar
81dfc000-81dfe000 r--s 00003000 08:01 27015                              /home/christian/.gradle/wrapper/dists/gradle-2.14.1-all/8bnwg5hd3w55iofp58khbp6yv/gradle-2.14.1/lib/jcl-over-slf4j-1.7.10.jar
81dfe000-81e00000 r--s 00000000 08:01 27013                              /home/christian/.gradle/wrapper/dists/gradle-2.14.1-all/8bnwg5hd3w55iofp58khbp6yv/gradle-2.14.1/lib/jul-to-slf4j-1.7.10.jar
81e00000-81ef9000 rw-p 00000000 00:00 0 
81ef9000-81f00000 ---p 00000000 00:00 0 
81f00000-81f05000 r--s 0001c000 08:01 27002                              /home/christian/.gradle/wrapper/dists/gradle-2.14.1-all/8bnwg5hd3w55iofp58khbp6yv/gradle-2.14.1/lib/gradle-logging-2.14.1.jar
81f05000-81f74000 r--s 0063e000 08:01 26991                              /home/christian/.gradle/wrapper/dists/gradle-2.14.1-all/8bnwg5hd3w55iofp58khbp6yv/gradle-2.14.1/lib/groovy-all-2.4.4.jar
81f74000-81fab000 r--s 001bd000 08:01 26982                              /home/christian/.gradle/wrapper/dists/gradle-2.14.1-all/8bnwg5hd3w55iofp58khbp6yv/gradle-2.14.1/lib/gradle-core-2.14.1.jar
81fab000-81fac000 ---p 00000000 00:00 0 
81fac000-8202c000 rw-p 00000000 00:00 0                                  [stack:13021]
8202c000-8202f000 ---p 00000000 00:00 0 
8202f000-8207d000 rw-p 00000000 00:00 0                                  [stack:13020]
8207d000-82080000 ---p 00000000 00:00 0 
82080000-820fe000 rw-p 00000000 00:00 0                                  [stack:13019]
820fe000-82101000 ---p 00000000 00:00 0 
82101000-8217f000 rw-p 00000000 00:00 0                                  [stack:13018]
8217f000-82182000 ---p 00000000 00:00 0 
82182000-82200000 rw-p 00000000 00:00 0                                  [stack:13017]
82200000-82400000 r--p 00000000 08:01 1059035                            /usr/lib/locale/locale-archive
82400000-824fa000 rw-p 00000000 00:00 0 
824fa000-82500000 ---p 00000000 00:00 0 
82500000-82549000 rw-p 00000000 00:00 0 
82549000-82600000 ---p 00000000 00:00 0 
82600000-82700000 rw-p 00000000 00:00 0 
82700000-82702000 r--s 00007000 08:01 27026                              /home/christian/.gradle/wrapper/dists/gradle-2.14.1-all/8bnwg5hd3w55iofp58khbp6yv/gradle-2.14.1/lib/objenesis-1.2.jar
82702000-82704000 r--s 00000000 08:01 27025                              /home/christian/.gradle/wrapper/dists/gradle-2.14.1-all/8bnwg5hd3w55iofp58khbp6yv/gradle-2.14.1/lib/minlog-1.2.jar
82704000-82706000 r--s 0000f000 08:01 27024                              /home/christian/.gradle/wrapper/dists/gradle-2.14.1-all/8bnwg5hd3w55iofp58khbp6yv/gradle-2.14.1/lib/reflectasm-1.07-shaded.jar
82706000-8270a000 r--s 00026000 08:01 27012                              /home/christian/.gradle/wrapper/dists/gradle-2.14.1-all/8bnwg5hd3w55iofp58khbp6yv/gradle-2.14.1/lib/kryo-2.20.jar
8270a000-8270d000 ---p 00000000 00:00 0 
8270d000-8275b000 rw-p 00000000 00:00 0                                  [stack:13016]
8275b000-8275c000 ---p 00000000 00:00 0 
8275c000-827dc000 rw-p 00000000 00:00 0                                  [stack:13013]
827dc000-829b4000 r--s 03d17000 08:08 3805727                            /media/data2/jdk1.8.0_60/jre/lib/rt.jar
829b4000-82dfa000 rw-p 00000000 00:00 0 
82dfa000-82e00000 ---p 00000000 00:00 0 
82e00000-86400000 rw-p 00000000 00:00 0 
86400000-864f1000 rw-p 00000000 00:00 0 
864f1000-86500000 ---p 00000000 00:00 0 
86500000-86501000 r--s 00005000 08:01 27014                              /home/christian/.gradle/wrapper/dists/gradle-2.14.1-all/8bnwg5hd3w55iofp58khbp6yv/gradle-2.14.1/lib/log4j-over-slf4j-1.7.10.jar
86501000-86507000 r--s 00025000 08:01 27001                              /home/christian/.gradle/wrapper/dists/gradle-2.14.1-all/8bnwg5hd3w55iofp58khbp6yv/gradle-2.14.1/lib/gradle-messaging-2.14.1.jar
86507000-86508000 r--s 00003000 08:01 27023                              /home/christian/.gradle/wrapper/dists/gradle-2.14.1-all/8bnwg5hd3w55iofp58khbp6yv/gradle-2.14.1/lib/native-platform-freebsd-amd64-0.10.jar
86508000-86509000 r--s 00003000 08:01 27022                              /home/christian/.gradle/wrapper/dists/gradle-2.14.1-all/8bnwg5hd3w55iofp58khbp6yv/gradle-2.14.1/lib/native-platform-freebsd-i386-0.10.jar
86509000-8650a000 r--s 00005000 08:01 27021                              /home/christian/.gradle/wrapper/dists/gradle-2.14.1-all/8bnwg5hd3w55iofp58khbp6yv/gradle-2.14.1/lib/native-platform-windows-i386-0.10.jar
8650a000-8650b000 r--s 00005000 08:01 27020                              /home/christian/.gradle/wrapper/dists/gradle-2.14.1-all/8bnwg5hd3w55iofp58khbp6yv/gradle-2.14.1/lib/native-platform-windows-amd64-0.10.jar
8650b000-8650c000 r--s 00003000 08:01 27019                              /home/christian/.gradle/wrapper/dists/gradle-2.14.1-all/8bnwg5hd3w55iofp58khbp6yv/gradle-2.14.1/lib/native-platform-linux-i386-0.10.jar
8650c000-8650d000 r--s 00003000 08:01 27018                              /home/christian/.gradle/wrapper/dists/gradle-2.14.1-all/8bnwg5hd3w55iofp58khbp6yv/gradle-2.14.1/lib/native-platform-linux-amd64-0.10.jar
8650d000-8650e000 r--s 00002000 08:01 27017                              /home/christian/.gradle/wrapper/dists/gradle-2.14.1-all/8bnwg5hd3w55iofp58khbp6yv/gradle-2.14.1/lib/native-platform-osx-amd64-0.10.jar
8650e000-8650f000 r--s 00002000 08:01 27016                              /home/christian/.gradle/wrapper/dists/gradle-2.14.1-all/8bnwg5hd3w55iofp58khbp6yv/gradle-2.14.1/lib/native-platform-osx-i386-0.10.jar
8650f000-86512000 r--s 0000d000 08:01 27009                              /home/christian/.gradle/wrapper/dists/gradle-2.14.1-all/8bnwg5hd3w55iofp58khbp6yv/gradle-2.14.1/lib/native-platform-0.10.jar
86512000-86521000 r--s 00080000 08:01 26992                              /home/christian/.gradle/wrapper/dists/gradle-2.14.1-all/8bnwg5hd3w55iofp58khbp6yv/gradle-2.14.1/lib/gradle-model-core-2.14.1.jar
86521000-8652e000 r--s 00083000 08:01 26996                              /home/christian/.gradle/wrapper/dists/gradle-2.14.1-all/8bnwg5hd3w55iofp58khbp6yv/gradle-2.14.1/lib/commons-collections-3.2.2.jar
8652e000-86531000 ---p 00000000 00:00 0 
86531000-8657f000 rw-p 00000000 00:00 0                                  [stack:13015]
8657f000-86580000 ---p 00000000 00:00 0 
86580000-86600000 rw-p 00000000 00:00 0                                  [stack:13012]
86600000-86700000 rw-p 00000000 00:00 0 
86700000-86800000 rw-p 00000000 00:00 0 
86800000-86802000 r--s 00008000 08:01 27010                              /home/christian/.gradle/wrapper/dists/gradle-2.14.1-all/8bnwg5hd3w55iofp58khbp6yv/gradle-2.14.1/lib/jansi-1.2.1.jar
86802000-86806000 r--s 000e4000 08:01 27008                              /home/christian/.gradle/wrapper/dists/gradle-2.14.1-all/8bnwg5hd3w55iofp58khbp6yv/gradle-2.14.1/lib/jna-3.2.7.jar
86806000-8682e000 r--s 001cf000 08:01 26988                              /home/christian/.gradle/wrapper/dists/gradle-2.14.1-all/8bnwg5hd3w55iofp58khbp6yv/gradle-2.14.1/lib/guava-jdk5-17.0.jar
8682e000-86831000 ---p 00000000 00:00 0 
86831000-8687f000 rw-p 00000000 00:00 0                                  [stack:13014]
8687f000-86880000 ---p 00000000 00:00 0 
86880000-86900000 rw-p 00000000 00:00 0                                  [stack:13011]
86900000-86a00000 rw-p 00000000 00:00 0 
86a00000-86a02000 r--s 00009000 08:01 26986                              /home/christian/.gradle/wrapper/dists/gradle-2.14.1-all/8bnwg5hd3w55iofp58khbp6yv/gradle-2.14.1/lib/gradle-native-2.14.1.jar
86a02000-86a04000 r--s 00005000 08:01 26983                              /home/christian/.gradle/wrapper/dists/gradle-2.14.1-all/8bnwg5hd3w55iofp58khbp6yv/gradle-2.14.1/lib/gradle-cli-2.14.1.jar
86a04000-86a06000 r--s 00007000 08:01 26993                              /home/christian/.gradle/wrapper/dists/gradle-2.14.1-all/8bnwg5hd3w55iofp58khbp6yv/gradle-2.14.1/lib/gradle-model-groovy-2.14.1.jar
86a06000-86a07000 r--s 00006000 08:01 27000                              /home/christian/.gradle/wrapper/dists/gradle-2.14.1-all/8bnwg5hd3w55iofp58khbp6yv/gradle-2.14.1/lib/gradle-base-services-groovy-2.14.1.jar
86a07000-86a0b000 r--s 00027000 08:01 26997                              /home/christian/.gradle/wrapper/dists/gradle-2.14.1-all/8bnwg5hd3w55iofp58khbp6yv/gradle-2.14.1/lib/commons-io-2.2.jar
86a0b000-86a10000 r--s 00038000 08:01 26994                              /home/christian/.gradle/wrapper/dists/gradle-2.14.1-all/8bnwg5hd3w55iofp58khbp6yv/gradle-2.14.1/lib/asm-all-5.1.jar
86a10000-86a2f000 r--s 001d1000 08:01 26995                              /home/christian/.gradle/wrapper/dists/gradle-2.14.1-all/8bnwg5hd3w55iofp58khbp6yv/gradle-2.14.1/lib/ant-1.9.6.jar
86a2f000-86a7e000 rw-p 00000000 00:00 0 
86a7e000-86a7f000 ---p 00000000 00:00 0 
86a7f000-86c27000 rw-p 00000000 00:00 0                                  [stack:13010]
86c27000-86cff000 ---p 00000000 00:00 0 
86cff000-86e27000 rw-p 00000000 00:00 0 
86e27000-86eff000 ---p 00000000 00:00 0 
86eff000-86fff000 rw-p 00000000 00:00 0 
86fff000-abec0000 rw-p 00000000 00:00 0 
b84ad000-b8700000 rw-p 00000000 00:00 0 
b8700000-c7000000 ---p 00000000 00:00 0 
c7000000-e7000000 rw-p 00000000 00:00 0 
e7000000-e707f000 rw-p 00000000 00:00 0 
e707f000-e7080000 ---p 00000000 00:00 0 
e7080000-e7212000 rw-p 00000000 00:00 0                                  [stack:13009]
e7212000-e74c0000 ---p 00000000 00:00 0 
e74c0000-eb908000 rwxp 00000000 00:00 0 
eb908000-f64c0000 ---p 00000000 00:00 0 
f64c0000-f64d9000 r-xp 00000000 08:08 3805802                            /media/data2/jdk1.8.0_60/jre/lib/i386/libzip.so
f64d9000-f64da000 rw-p 00019000 08:08 3805802                            /media/data2/jdk1.8.0_60/jre/lib/i386/libzip.so
f64da000-f64e5000 r-xp 00000000 08:01 796686                             /lib/i386-linux-gnu/libnss_files-2.17.so
f64e5000-f64e6000 r--p 0000a000 08:01 796686                             /lib/i386-linux-gnu/libnss_files-2.17.so
f64e6000-f64e7000 rw-p 0000b000 08:01 796686                             /lib/i386-linux-gnu/libnss_files-2.17.so
f64e7000-f64fc000 r-xp 00000000 08:01 796577                             /lib/i386-linux-gnu/libnsl-2.17.so
f64fc000-f64fd000 r--p 00014000 08:01 796577                             /lib/i386-linux-gnu/libnsl-2.17.so
f64fd000-f64fe000 rw-p 00015000 08:01 796577                             /lib/i386-linux-gnu/libnsl-2.17.so
f64fe000-f6500000 rw-p 00000000 00:00 0 
f6500000-f65fb000 rw-p 00000000 00:00 0 
f65fb000-f6600000 ---p 00000000 00:00 0 
f6600000-f6601000 r--s 00002000 08:01 27004                              /home/christian/.gradle/wrapper/dists/gradle-2.14.1-all/8bnwg5hd3w55iofp58khbp6yv/gradle-2.14.1/lib/gradle-docs-2.14.1.jar
f6601000-f6602000 r--s 00000000 08:01 26999                              /home/christian/.gradle/wrapper/dists/gradle-2.14.1-all/8bnwg5hd3w55iofp58khbp6yv/gradle-2.14.1/lib/javax.inject-1.jar
f6602000-f6603000 r--s 00000000 08:01 26998                              /home/christian/.gradle/wrapper/dists/gradle-2.14.1-all/8bnwg5hd3w55iofp58khbp6yv/gradle-2.14.1/lib/jcip-annotations-1.0.jar
f6603000-f6604000 r--s 00001000 08:01 26990                              /home/christian/.gradle/wrapper/dists/gradle-2.14.1-all/8bnwg5hd3w55iofp58khbp6yv/gradle-2.14.1/lib/gradle-process-services-2.14.1.jar
f6604000-f660c000 r--s 0003a000 08:01 26980                              /home/christian/.gradle/wrapper/dists/gradle-2.14.1-all/8bnwg5hd3w55iofp58khbp6yv/gradle-2.14.1/lib/gradle-base-services-2.14.1.jar
f660c000-f6616000 r-xp 00000000 08:01 796682                             /lib/i386-linux-gnu/libnss_nis-2.17.so
f6616000-f6617000 r--p 00009000 08:01 796682                             /lib/i386-linux-gnu/libnss_nis-2.17.so
f6617000-f6618000 rw-p 0000a000 08:01 796682                             /lib/i386-linux-gnu/libnss_nis-2.17.so
f6618000-f6619000 r--s 00000000 08:01 26981                              /home/christian/.gradle/wrapper/dists/gradle-2.14.1-all/8bnwg5hd3w55iofp58khbp6yv/gradle-2.14.1/lib/gradle-jvm-services-2.14.1.jar
f6619000-f661e000 r--s 00041000 08:01 26989                              /home/christian/.gradle/wrapper/dists/gradle-2.14.1-all/8bnwg5hd3w55iofp58khbp6yv/gradle-2.14.1/lib/commons-lang-2.6.jar
f661e000-f661f000 r--s 00007000 08:01 26987                              /home/christian/.gradle/wrapper/dists/gradle-2.14.1-all/8bnwg5hd3w55iofp58khbp6yv/gradle-2.14.1/lib/slf4j-api-1.7.10.jar
f661f000-f662a000 r--s 00051000 08:01 26977                              /home/christian/.gradle/wrapper/dists/gradle-2.14.1-all/8bnwg5hd3w55iofp58khbp6yv/gradle-2.14.1/lib/gradle-launcher-2.14.1.jar
f662a000-f6632000 rw-s 00000000 08:01 555424                             /tmp/hsperfdata_christian/13003
f6632000-f6656000 r-xp 00000000 08:08 3805771                            /media/data2/jdk1.8.0_60/jre/lib/i386/libjava.so
f6656000-f6657000 rw-p 00023000 08:08 3805771                            /media/data2/jdk1.8.0_60/jre/lib/i386/libjava.so
f6657000-f665e000 r-xp 00000000 08:01 796574                             /lib/i386-linux-gnu/librt-2.17.so
f665e000-f665f000 r--p 00006000 08:01 796574                             /lib/i386-linux-gnu/librt-2.17.so
f665f000-f6660000 rw-p 00007000 08:01 796574                             /lib/i386-linux-gnu/librt-2.17.so
f6660000-f6663000 ---p 00000000 00:00 0 
f6663000-f66b1000 rw-p 00000000 00:00 0                                  [stack:13008]
f66b1000-f66f2000 r-xp 00000000 08:01 796680                             /lib/i386-linux-gnu/libm-2.17.so
f66f2000-f66f3000 r--p 00040000 08:01 796680                             /lib/i386-linux-gnu/libm-2.17.so
f66f3000-f66f4000 rw-p 00041000 08:01 796680                             /lib/i386-linux-gnu/libm-2.17.so
f66f4000-f7074000 r-xp 00000000 08:08 3805785                            /media/data2/jdk1.8.0_60/jre/lib/i386/server/libjvm.so
f7074000-f70e1000 rw-p 00980000 08:08 3805785                            /media/data2/jdk1.8.0_60/jre/lib/i386/server/libjvm.so
f70e1000-f7507000 rw-p 00000000 00:00 0 
f7507000-f76b5000 r-xp 00000000 08:01 796672                             /lib/i386-linux-gnu/libc-2.17.so
f76b5000-f76b7000 r--p 001ae000 08:01 796672                             /lib/i386-linux-gnu/libc-2.17.so
f76b7000-f76b8000 rw-p 001b0000 08:01 796672                             /lib/i386-linux-gnu/libc-2.17.so
f76b8000-f76bb000 rw-p 00000000 00:00 0 
f76bb000-f76be000 r-xp 00000000 08:01 796675                             /lib/i386-linux-gnu/libdl-2.17.so
f76be000-f76bf000 r--p 00002000 08:01 796675                             /lib/i386-linux-gnu/libdl-2.17.so
f76bf000-f76c0000 rw-p 00003000 08:01 796675                             /lib/i386-linux-gnu/libdl-2.17.so
f76c0000-f76d4000 r-xp 00000000 08:08 3805361                            /media/data2/jdk1.8.0_60/lib/i386/jli/libjli.so
f76d4000-f76d5000 rw-p 00014000 08:08 3805361                            /media/data2/jdk1.8.0_60/lib/i386/jli/libjli.so
f76d5000-f76d6000 rw-p 00000000 00:00 0 
f76d6000-f76ed000 r-xp 00000000 08:01 796679                             /lib/i386-linux-gnu/libpthread-2.17.so
f76ed000-f76ee000 r--p 00016000 08:01 796679                             /lib/i386-linux-gnu/libpthread-2.17.so
f76ee000-f76ef000 rw-p 00017000 08:01 796679                             /lib/i386-linux-gnu/libpthread-2.17.so
f76ef000-f76f1000 rw-p 00000000 00:00 0 
f76f1000-f76f2000 r--s 00004000 08:01 27011                              /home/christian/.gradle/wrapper/dists/gradle-2.14.1-all/8bnwg5hd3w55iofp58khbp6yv/gradle-2.14.1/lib/ant-launcher-1.9.6.jar
f76f2000-f76f3000 r--p 002c5000 08:01 1059035                            /usr/lib/locale/locale-archive
f76f3000-f76f4000 r--p 002c9000 08:01 1059035                            /usr/lib/locale/locale-archive
f76f4000-f76fb000 r-xp 00000000 08:01 796677                             /lib/i386-linux-gnu/libnss_compat-2.17.so
f76fb000-f76fc000 r--p 00006000 08:01 796677                             /lib/i386-linux-gnu/libnss_compat-2.17.so
f76fc000-f76fd000 rw-p 00007000 08:01 796677                             /lib/i386-linux-gnu/libnss_compat-2.17.so
f76fd000-f76fe000 rw-p 00000000 00:00 0 
f76fe000-f76ff000 ---p 00000000 00:00 0 
f76ff000-f770a000 r-xp 00000000 08:08 3805839                            /media/data2/jdk1.8.0_60/jre/lib/i386/libverify.so
f770a000-f770b000 rw-p 0000b000 08:08 3805839                            /media/data2/jdk1.8.0_60/jre/lib/i386/libverify.so
f770b000-f770d000 rw-p 00000000 00:00 0 
f770d000-f770e000 r-xp 00000000 00:00 0                                  [vdso]
f770e000-f772e000 r-xp 00000000 08:01 796580                             /lib/i386-linux-gnu/ld-2.17.so
f772e000-f772f000 r--p 0001f000 08:01 796580                             /lib/i386-linux-gnu/ld-2.17.so
f772f000-f7730000 rw-p 00020000 08:01 796580                             /lib/i386-linux-gnu/ld-2.17.so
ff7fd000-ff7fe000 rwxp 00000000 00:00 0 
ff830000-ff851000 rw-p 00000000 00:00 0                                  [stack]

VM Arguments:
jvm_args: -Xmx1536m -Dfile.encoding=UTF-8 -Duser.country=US -Duser.language=en -Duser.variant 
java_command: org.gradle.launcher.daemon.bootstrap.GradleDaemon 2.14.1
java_class_path (initial): /home/christian/.gradle/wrapper/dists/gradle-2.14.1-all/8bnwg5hd3w55iofp58khbp6yv/gradle-2.14.1/lib/gradle-launcher-2.14.1.jar
Launcher Type: SUN_STANDARD

Environment Variables:
JAVA_HOME=/media/data1/jdk1.8.0_121/
PATH=/usr/local/sbin:/usr/local/bin:/usr/sbin:/usr/bin:/sbin:/bin:/usr/games:/usr/local/games:/media/data1/jdk1.8.0_121/bin:/media/data2/android-sdk-tools/tools:/media/data2/android-sdk-tools/platform-tools:/media/data1/installer/node-v6.9.5-linux-x64/bin
USERNAME=christian
LD_LIBRARY_PATH=/media/data1/android-studio/bin:
SHELL=/bin/bash
DISPLAY=:0.0

Signal Handlers:
SIGSEGV: [libjvm.so+0x8cdb80], sa_mask[0]=11111111011111111101111111111110, sa_flags=SA_RESTART|SA_SIGINFO
SIGBUS: [libjvm.so+0x8cdb80], sa_mask[0]=11111111011111111101111111111110, sa_flags=SA_RESTART|SA_SIGINFO
SIGFPE: [libjvm.so+0x74db00], sa_mask[0]=11111111011111111101111111111110, sa_flags=SA_RESTART|SA_SIGINFO
SIGPIPE: [libjvm.so+0x74db00], sa_mask[0]=11111111011111111101111111111110, sa_flags=SA_RESTART|SA_SIGINFO
SIGXFSZ: [libjvm.so+0x74db00], sa_mask[0]=11111111011111111101111111111110, sa_flags=SA_RESTART|SA_SIGINFO
SIGILL: [libjvm.so+0x74db00], sa_mask[0]=11111111011111111101111111111110, sa_flags=SA_RESTART|SA_SIGINFO
SIGUSR1: SIG_DFL, sa_mask[0]=00000000000000000000000000000000, sa_flags=none
SIGUSR2: [libjvm.so+0x74f180], sa_mask[0]=00100000000000000000000000000000, sa_flags=SA_RESTART|SA_SIGINFO
SIGHUP: [libjvm.so+0x750630], sa_mask[0]=11111111011111111101111111111110, sa_flags=SA_RESTART|SA_SIGINFO
SIGINT: [libjvm.so+0x750630], sa_mask[0]=11111111011111111101111111111110, sa_flags=SA_RESTART|SA_SIGINFO
SIGTERM: [libjvm.so+0x750630], sa_mask[0]=11111111011111111101111111111110, sa_flags=SA_RESTART|SA_SIGINFO
SIGQUIT: [libjvm.so+0x750630], sa_mask[0]=11111111011111111101111111111110, sa_flags=SA_RESTART|SA_SIGINFO


---------------  S Y S T E M  ---------------

OS:DISTRIB_ID=LinuxMint
DISTRIB_RELEASE=16
DISTRIB_CODENAME=petra
DISTRIB_DESCRIPTION="Linux Mint 16 Petra"

uname:Linux 3.11.0-12-generic #19-Ubuntu SMP Wed Oct 9 16:20:46 UTC 2013 x86_64
libc:glibc 2.17 NPTL 2.17 
rlimit: STACK 8192k, CORE 0k, NPROC 30434, NOFILE 4096, AS infinity
load average:6,87 3,22 2,26

/proc/meminfo:
MemTotal:        3924880 kB
MemFree:          113268 kB
Buffers:             544 kB
Cached:           315140 kB
SwapCached:        21700 kB
Active:          2899252 kB
Inactive:         738600 kB
Active(anon):    2879992 kB
Inactive(anon):   713448 kB
Active(file):      19260 kB
Inactive(file):    25152 kB
Unevictable:          96 kB
Mlocked:              96 kB
SwapTotal:       1951740 kB
SwapFree:          87636 kB
Dirty:               184 kB
Writeback:             0 kB
AnonPages:       3300832 kB
Mapped:            37336 kB
Shmem:            271108 kB
Slab:              80824 kB
SReclaimable:      45740 kB
SUnreclaim:        35084 kB
KernelStack:        5104 kB
PageTables:        39136 kB
NFS_Unstable:          0 kB
Bounce:                0 kB
WritebackTmp:          0 kB
CommitLimit:     3914180 kB
Committed_AS:    8290552 kB
VmallocTotal:   34359738367 kB
VmallocUsed:      347768 kB
VmallocChunk:   34359387700 kB
HardwareCorrupted:     0 kB
AnonHugePages:         0 kB
HugePages_Total:       0
HugePages_Free:        0
HugePages_Rsvd:        0
HugePages_Surp:        0
Hugepagesize:       2048 kB
DirectMap4k:       72968 kB
DirectMap2M:     3997696 kB


CPU:total 4 (2 cores per cpu, 2 threads per core) family 6 model 58 stepping 9, cmov, cx8, fxsr, mmx, sse, sse2, sse3, ssse3, sse4.1, sse4.2, popcnt, avx, clmul, erms, ht, tsc, tscinvbit, tscinv

/proc/cpuinfo:
processor	: 0
vendor_id	: GenuineIntel
cpu family	: 6
model		: 58
model name	: Intel(R) Core(TM) i3-3240 CPU @ 3.40GHz
stepping	: 9
microcode	: 0x17
cpu MHz		: 1600.000
cache size	: 3072 KB
physical id	: 0
siblings	: 4
core id		: 0
cpu cores	: 2
apicid		: 0
initial apicid	: 0
fpu		: yes
fpu_exception	: yes
cpuid level	: 13
wp		: yes
flags		: fpu vme de pse tsc msr pae mce cx8 apic sep mtrr pge mca cmov pat pse36 clflush dts acpi mmx fxsr sse sse2 ss ht tm pbe syscall nx rdtscp lm constant_tsc arch_perfmon pebs bts rep_good nopl xtopology nonstop_tsc aperfmperf eagerfpu pni pclmulqdq dtes64 monitor ds_cpl vmx est tm2 ssse3 cx16 xtpr pdcm pcid sse4_1 sse4_2 popcnt tsc_deadline_timer xsave avx f16c lahf_lm arat epb xsaveopt pln pts dtherm tpr_shadow vnmi flexpriority ept vpid fsgsbase smep erms
bogomips	: 6784.34
clflush size	: 64
cache_alignment	: 64
address sizes	: 36 bits physical, 48 bits virtual
power management:

processor	: 1
vendor_id	: GenuineIntel
cpu family	: 6
model		: 58
model name	: Intel(R) Core(TM) i3-3240 CPU @ 3.40GHz
stepping	: 9
microcode	: 0x17
cpu MHz		: 1600.000
cache size	: 3072 KB
physical id	: 0
siblings	: 4
core id		: 1
cpu cores	: 2
apicid		: 2
initial apicid	: 2
fpu		: yes
fpu_exception	: yes
cpuid level	: 13
wp		: yes
flags		: fpu vme de pse tsc msr pae mce cx8 apic sep mtrr pge mca cmov pat pse36 clflush dts acpi mmx fxsr sse sse2 ss ht tm pbe syscall nx rdtscp lm constant_tsc arch_perfmon pebs bts rep_good nopl xtopology nonstop_tsc aperfmperf eagerfpu pni pclmulqdq dtes64 monitor ds_cpl vmx est tm2 ssse3 cx16 xtpr pdcm pcid sse4_1 sse4_2 popcnt tsc_deadline_timer xsave avx f16c lahf_lm arat epb xsaveopt pln pts dtherm tpr_shadow vnmi flexpriority ept vpid fsgsbase smep erms
bogomips	: 6784.34
clflush size	: 64
cache_alignment	: 64
address sizes	: 36 bits physical, 48 bits virtual
power management:

processor	: 2
vendor_id	: GenuineIntel
cpu family	: 6
model		: 58
model name	: Intel(R) Core(TM) i3-3240 CPU @ 3.40GHz
stepping	: 9
microcode	: 0x17
cpu MHz		: 3400.000
cache size	: 3072 KB
physical id	: 0
siblings	: 4
core id		: 0
cpu cores	: 2
apicid		: 1
initial apicid	: 1
fpu		: yes
fpu_exception	: yes
cpuid level	: 13
wp		: yes
flags		: fpu vme de pse tsc msr pae mce cx8 apic sep mtrr pge mca cmov pat pse36 clflush dts acpi mmx fxsr sse sse2 ss ht tm pbe syscall nx rdtscp lm constant_tsc arch_perfmon pebs bts rep_good nopl xtopology nonstop_tsc aperfmperf eagerfpu pni pclmulqdq dtes64 monitor ds_cpl vmx est tm2 ssse3 cx16 xtpr pdcm pcid sse4_1 sse4_2 popcnt tsc_deadline_timer xsave avx f16c lahf_lm arat epb xsaveopt pln pts dtherm tpr_shadow vnmi flexpriority ept vpid fsgsbase smep erms
bogomips	: 6784.34
clflush size	: 64
cache_alignment	: 64
address sizes	: 36 bits physical, 48 bits virtual
power management:

processor	: 3
vendor_id	: GenuineIntel
cpu family	: 6
model		: 58
model name	: Intel(R) Core(TM) i3-3240 CPU @ 3.40GHz
stepping	: 9
microcode	: 0x17
cpu MHz		: 1600.000
cache size	: 3072 KB
physical id	: 0
siblings	: 4
core id		: 1
cpu cores	: 2
apicid		: 3
initial apicid	: 3
fpu		: yes
fpu_exception	: yes
cpuid level	: 13
wp		: yes
flags		: fpu vme de pse tsc msr pae mce cx8 apic sep mtrr pge mca cmov pat pse36 clflush dts acpi mmx fxsr sse sse2 ss ht tm pbe syscall nx rdtscp lm constant_tsc arch_perfmon pebs bts rep_good nopl xtopology nonstop_tsc aperfmperf eagerfpu pni pclmulqdq dtes64 monitor ds_cpl vmx est tm2 ssse3 cx16 xtpr pdcm pcid sse4_1 sse4_2 popcnt tsc_deadline_timer xsave avx f16c lahf_lm arat epb xsaveopt pln pts dtherm tpr_shadow vnmi flexpriority ept vpid fsgsbase smep erms
bogomips	: 6784.34
clflush size	: 64
cache_alignment	: 64
address sizes	: 36 bits physical, 48 bits virtual
power management:



Memory: 4k page, physical 3924880k(113268k free), swap 1951740k(87636k free)

vm_info: Java HotSpot(TM) Server VM (25.60-b23) for linux-x86 JRE (1.8.0_60-b27), built on Aug  4 2015 10:44:54 by "java_re" with gcc 4.3.0 20080428 (Red Hat 4.3.0-8)

time: Fri Nov 10 14:29:44 2017
elapsed time: 3247 seconds (0d 0h 54m 7s)

